<?xml version="1.0" encoding="UTF-8"?>
<coverage generated="1652444222828" clover="3.2.0">
  <project timestamp="1652444222829" name="All files">
    <metrics statements="179" coveredstatements="153" conditionals="57" coveredconditionals="49" methods="32" coveredmethods="25" elements="268" coveredelements="227" complexity="0" loc="179" ncloc="179" packages="1" files="4" classes="4"/>
    <file name="Markdown.js" path="C:\Users\danie\snowman\lib\Markdown.js">
      <metrics statements="5" coveredstatements="5" conditionals="0" coveredconditionals="0" methods="2" coveredmethods="2"/>
      <line num="3" count="41" type="stmt"/>
      <line num="45" count="41" type="stmt"/>
      <line num="46" count="738" type="stmt"/>
      <line num="49" count="41" type="stmt"/>
      <line num="53" count="4" type="stmt"/>
    </file>
    <file name="Misc.js" path="C:\Users\danie\snowman\lib\Misc.js">
      <metrics statements="42" coveredstatements="39" conditionals="14" coveredconditionals="14" methods="8" coveredmethods="5"/>
      <line num="1" count="1" type="stmt"/>
      <line num="2" count="1" type="stmt"/>
      <line num="10" count="1" type="stmt"/>
      <line num="11" count="5" type="stmt"/>
      <line num="12" count="5" type="stmt"/>
      <line num="14" count="5" type="stmt"/>
      <line num="15" count="11" type="cond" truecount="2" falsecount="0"/>
      <line num="16" count="9" type="stmt"/>
      <line num="18" count="2" type="stmt"/>
      <line num="19" count="3" type="stmt"/>
      <line num="24" count="5" type="stmt"/>
      <line num="25" count="5" type="stmt"/>
      <line num="34" count="1" type="stmt"/>
      <line num="35" count="6" type="stmt"/>
      <line num="37" count="6" type="cond" truecount="2" falsecount="0"/>
      <line num="38" count="4" type="stmt"/>
      <line num="40" count="4" type="cond" truecount="2" falsecount="0"/>
      <line num="41" count="3" type="stmt"/>
      <line num="43" count="1" type="stmt"/>
      <line num="46" count="2" type="stmt"/>
      <line num="47" count="3" type="stmt"/>
      <line num="49" count="3" type="cond" truecount="4" falsecount="0"/>
      <line num="50" count="1" type="stmt"/>
      <line num="54" count="1" type="stmt"/>
      <line num="65" count="1" type="stmt"/>
      <line num="66" count="5" type="stmt"/>
      <line num="67" count="5" type="stmt"/>
      <line num="69" count="5" type="stmt"/>
      <line num="70" count="7" type="stmt"/>
      <line num="72" count="7" type="cond" truecount="2" falsecount="0"/>
      <line num="73" count="6" type="stmt"/>
      <line num="74" count="24" type="stmt"/>
      <line num="78" count="7" type="stmt"/>
      <line num="81" count="5" type="stmt"/>
      <line num="91" count="1" type="stmt"/>
      <line num="92" count="4" type="stmt"/>
      <line num="94" count="4" type="cond" truecount="2" falsecount="0"/>
      <line num="95" count="1" type="stmt"/>
      <line num="105" count="1" type="stmt"/>
      <line num="106" count="0" type="stmt"/>
      <line num="108" count="0" type="stmt"/>
      <line num="109" count="0" type="stmt"/>
    </file>
    <file name="Passage.js" path="C:\Users\danie\snowman\lib\Passage.js">
      <metrics statements="15" coveredstatements="15" conditionals="10" coveredconditionals="10" methods="2" coveredmethods="2"/>
      <line num="1" count="3" type="stmt"/>
      <line num="2" count="3" type="stmt"/>
      <line num="3" count="3" type="stmt"/>
      <line num="18" count="224" type="cond" truecount="2" falsecount="0"/>
      <line num="25" count="224" type="cond" truecount="2" falsecount="0"/>
      <line num="32" count="224" type="cond" truecount="2" falsecount="0"/>
      <line num="39" count="224" type="stmt"/>
      <line num="51" count="21" type="cond" truecount="4" falsecount="0"/>
      <line num="53" count="18" type="stmt"/>
      <line num="56" count="21" type="stmt"/>
      <line num="58" count="21" type="stmt"/>
      <line num="59" count="21" type="stmt"/>
      <line num="61" count="1" type="stmt"/>
      <line num="64" count="21" type="stmt"/>
      <line num="68" count="3" type="stmt"/>
    </file>
    <file name="Story.js" path="C:\Users\danie\snowman\lib\Story.js">
      <metrics statements="117" coveredstatements="94" conditionals="33" coveredconditionals="25" methods="20" coveredmethods="16"/>
      <line num="6" count="2" type="stmt"/>
      <line num="7" count="2" type="stmt"/>
      <line num="8" count="2" type="stmt"/>
      <line num="9" count="2" type="stmt"/>
      <line num="19" count="44" type="stmt"/>
      <line num="27" count="44" type="stmt"/>
      <line num="35" count="44" type="stmt"/>
      <line num="43" count="44" type="stmt"/>
      <line num="51" count="44" type="stmt"/>
      <line num="59" count="44" type="stmt"/>
      <line num="69" count="44" type="stmt"/>
      <line num="80" count="44" type="stmt"/>
      <line num="90" count="44" type="stmt"/>
      <line num="100" count="44" type="stmt"/>
      <line num="111" count="44" type="stmt"/>
      <line num="120" count="44" type="stmt"/>
      <line num="122" count="44" type="stmt"/>
      <line num="124" count="44" type="stmt"/>
      <line num="125" count="220" type="stmt"/>
      <line num="126" count="220" type="stmt"/>
      <line num="127" count="220" type="stmt"/>
      <line num="129" count="220" type="stmt"/>
      <line num="137" count="44" type="stmt"/>
      <line num="146" count="44" type="stmt"/>
      <line num="149" count="44" type="stmt"/>
      <line num="150" count="44" type="stmt"/>
      <line num="161" count="44" type="stmt"/>
      <line num="164" count="44" type="stmt"/>
      <line num="165" count="44" type="stmt"/>
      <line num="169" count="44" type="stmt"/>
      <line num="170" count="0" type="stmt"/>
      <line num="173" count="44" type="stmt"/>
      <line num="175" count="21" type="stmt"/>
      <line num="177" count="21" type="cond" truecount="1" falsecount="1"/>
      <line num="179" count="21" type="stmt"/>
      <line num="183" count="44" type="stmt"/>
      <line num="195" count="9" type="stmt"/>
      <line num="198" count="9" type="stmt"/>
      <line num="201" count="9" type="stmt"/>
      <line num="202" count="0" type="stmt"/>
      <line num="204" count="0" type="cond" truecount="0" falsecount="2"/>
      <line num="205" count="0" type="stmt"/>
      <line num="206" count="0" type="stmt"/>
      <line num="207" count="0" type="stmt"/>
      <line num="208" count="0" type="stmt"/>
      <line num="209" count="0" type="cond" truecount="0" falsecount="2"/>
      <line num="210" count="0" type="stmt"/>
      <line num="211" count="0" type="stmt"/>
      <line num="212" count="0" type="stmt"/>
      <line num="213" count="0" type="stmt"/>
      <line num="218" count="9" type="stmt"/>
      <line num="219" count="0" type="stmt"/>
      <line num="223" count="9" type="stmt"/>
      <line num="224" count="9" type="stmt"/>
      <line num="228" count="9" type="stmt"/>
      <line num="229" count="9" type="stmt"/>
      <line num="231" count="9" type="stmt"/>
      <line num="234" count="0" type="stmt"/>
      <line num="239" count="9" type="stmt"/>
      <line num="240" count="0" type="stmt"/>
      <line num="253" count="9" type="stmt"/>
      <line num="257" count="9" type="cond" truecount="2" falsecount="2"/>
      <line num="260" count="9" type="stmt"/>
      <line num="261" count="9" type="stmt"/>
      <line num="274" count="40" type="stmt"/>
      <line num="276" count="40" type="cond" truecount="2" falsecount="0"/>
      <line num="277" count="17" type="cond" truecount="2" falsecount="0"/>
      <line num="278" count="16" type="stmt"/>
      <line num="280" count="23" type="cond" truecount="2" falsecount="0"/>
      <line num="281" count="100" type="stmt"/>
      <line num="283" count="20" type="cond" truecount="2" falsecount="0"/>
      <line num="284" count="15" type="stmt"/>
      <line num="288" count="40" type="stmt"/>
      <line num="305" count="16" type="stmt"/>
      <line num="307" count="16" type="cond" truecount="2" falsecount="0"/>
      <line num="308" count="1" type="stmt"/>
      <line num="321" count="15" type="stmt"/>
      <line num="330" count="15" type="stmt"/>
      <line num="332" count="15" type="cond" truecount="1" falsecount="1"/>
      <line num="333" count="15" type="stmt"/>
      <line num="335" count="15" type="stmt"/>
      <line num="336" count="15" type="cond" truecount="2" falsecount="0"/>
      <line num="337" count="6" type="stmt"/>
      <line num="347" count="9" type="stmt"/>
      <line num="366" count="0" type="stmt"/>
      <line num="369" count="15" type="stmt"/>
      <line num="372" count="15" type="stmt"/>
      <line num="373" count="15" type="stmt"/>
      <line num="375" count="15" type="stmt"/>
      <line num="376" count="15" type="stmt"/>
      <line num="378" count="0" type="stmt"/>
      <line num="389" count="15" type="stmt"/>
      <line num="402" count="3" type="stmt"/>
      <line num="404" count="3" type="cond" truecount="2" falsecount="0"/>
      <line num="405" count="1" type="stmt"/>
      <line num="408" count="2" type="stmt"/>
      <line num="423" count="3" type="cond" truecount="2" falsecount="0"/>
      <line num="424" count="2" type="stmt"/>
      <line num="425" count="2" type="stmt"/>
      <line num="427" count="1" type="stmt"/>
      <line num="430" count="3" type="stmt"/>
      <line num="438" count="3" type="stmt"/>
      <line num="449" count="2" type="stmt"/>
      <line num="457" count="2" type="stmt"/>
      <line num="467" count="3" type="stmt"/>
      <line num="473" count="3" type="stmt"/>
      <line num="485" count="2" type="stmt"/>
      <line num="486" count="2" type="stmt"/>
      <line num="488" count="0" type="stmt"/>
      <line num="489" count="0" type="stmt"/>
      <line num="490" count="0" type="stmt"/>
      <line num="491" count="0" type="stmt"/>
      <line num="501" count="2" type="stmt"/>
      <line num="502" count="2" type="stmt"/>
      <line num="511" count="0" type="stmt"/>
      <line num="512" count="0" type="stmt"/>
      <line num="516" count="2" type="stmt"/>
    </file>
  </project>
</coverage>
