{"C:\\Users\\danie\\snowman\\lib\\Markdown.js": {"path":"C:\\Users\\danie\\snowman\\lib\\Markdown.js","statementMap":{"0":{"start":{"line":3,"column":18},"end":{"line":43,"column":5}},"1":{"start":{"line":45,"column":4},"end":{"line":47,"column":7}},"2":{"start":{"line":46,"column":6},"end":{"line":46,"column":42}},"3":{"start":{"line":49,"column":4},"end":{"line":49,"column":16}},"4":{"start":{"line":53,"column":0},"end":{"line":53,"column":26}}},"fnMap":{"0":{"name":"(anonymous_0)","decl":{"start":{"line":2,"column":2},"end":{"line":2,"column":3}},"loc":{"start":{"line":2,"column":22},"end":{"line":50,"column":3}},"line":2},"1":{"name":"(anonymous_1)","decl":{"start":{"line":45,"column":18},"end":{"line":45,"column":19}},"loc":{"start":{"line":45,"column":40},"end":{"line":47,"column":5}},"line":45}},"branchMap":{},"s":{"0":41,"1":41,"2":738,"3":41,"4":4},"f":{"0":41,"1":738},"b":{},"_coverageSchema":"1a1c01bbd47fc00a2c39e90264f33305004495a9","hash":"dfaddc9c346ab7cbffcc9026c8fd1944b2722a6d"}
,"C:\\Users\\danie\\snowman\\lib\\Misc.js": {"path":"C:\\Users\\danie\\snowman\\lib\\Misc.js","statementMap":{"0":{"start":{"line":1,"column":10},"end":{"line":1,"column":27}},"1":{"start":{"line":2,"column":10},"end":{"line":2,"column":31}},"2":{"start":{"line":10,"column":0},"end":{"line":26,"column":2}},"3":{"start":{"line":11,"column":20},"end":{"line":11,"column":22}},"4":{"start":{"line":12,"column":18},"end":{"line":12,"column":19}},"5":{"start":{"line":14,"column":2},"end":{"line":22,"column":3}},"6":{"start":{"line":14,"column":15},"end":{"line":14,"column":16}},"7":{"start":{"line":15,"column":4},"end":{"line":21,"column":5}},"8":{"start":{"line":16,"column":6},"end":{"line":16,"column":35}},"9":{"start":{"line":18,"column":6},"end":{"line":20,"column":7}},"10":{"start":{"line":18,"column":19},"end":{"line":18,"column":20}},"11":{"start":{"line":19,"column":8},"end":{"line":19,"column":40}},"12":{"start":{"line":24,"column":2},"end":{"line":24,"column":45}},"13":{"start":{"line":25,"column":2},"end":{"line":25,"column":30}},"14":{"start":{"line":34,"column":0},"end":{"line":56,"column":2}},"15":{"start":{"line":35,"column":10},"end":{"line":35,"column":14}},"16":{"start":{"line":37,"column":2},"end":{"line":55,"column":3}},"17":{"start":{"line":38,"column":4},"end":{"line":38,"column":43}},"18":{"start":{"line":40,"column":4},"end":{"line":44,"column":5}},"19":{"start":{"line":41,"column":6},"end":{"line":41,"column":49}},"20":{"start":{"line":43,"column":6},"end":{"line":43,"column":19}},"21":{"start":{"line":46,"column":4},"end":{"line":52,"column":5}},"22":{"start":{"line":46,"column":17},"end":{"line":46,"column":18}},"23":{"start":{"line":47,"column":6},"end":{"line":47,"column":45}},"24":{"start":{"line":49,"column":6},"end":{"line":51,"column":7}},"25":{"start":{"line":50,"column":8},"end":{"line":50,"column":21}},"26":{"start":{"line":54,"column":4},"end":{"line":54,"column":16}},"27":{"start":{"line":65,"column":0},"end":{"line":82,"column":2}},"28":{"start":{"line":66,"column":17},"end":{"line":66,"column":19}},"29":{"start":{"line":67,"column":14},"end":{"line":67,"column":16}},"30":{"start":{"line":69,"column":2},"end":{"line":79,"column":3}},"31":{"start":{"line":69,"column":15},"end":{"line":69,"column":16}},"32":{"start":{"line":70,"column":14},"end":{"line":70,"column":48}},"33":{"start":{"line":72,"column":4},"end":{"line":76,"column":5}},"34":{"start":{"line":73,"column":6},"end":{"line":75,"column":9}},"35":{"start":{"line":74,"column":8},"end":{"line":74,"column":27}},"36":{"start":{"line":78,"column":4},"end":{"line":78,"column":30}},"37":{"start":{"line":81,"column":2},"end":{"line":81,"column":29}},"38":{"start":{"line":91,"column":0},"end":{"line":97,"column":2}},"39":{"start":{"line":92,"column":12},"end":{"line":92,"column":41}},"40":{"start":{"line":94,"column":2},"end":{"line":96,"column":3}},"41":{"start":{"line":95,"column":4},"end":{"line":95,"column":33}},"42":{"start":{"line":105,"column":0},"end":{"line":113,"column":2}},"43":{"start":{"line":106,"column":2},"end":{"line":112,"column":4}},"44":{"start":{"line":108,"column":6},"end":{"line":110,"column":9}},"45":{"start":{"line":109,"column":8},"end":{"line":109,"column":57}}},"fnMap":{"0":{"name":"(anonymous_0)","decl":{"start":{"line":10,"column":16},"end":{"line":10,"column":17}},"loc":{"start":{"line":10,"column":28},"end":{"line":26,"column":1}},"line":10},"1":{"name":"(anonymous_1)","decl":{"start":{"line":34,"column":20},"end":{"line":34,"column":21}},"loc":{"start":{"line":34,"column":32},"end":{"line":56,"column":1}},"line":34},"2":{"name":"(anonymous_2)","decl":{"start":{"line":65,"column":17},"end":{"line":65,"column":18}},"loc":{"start":{"line":65,"column":29},"end":{"line":82,"column":1}},"line":65},"3":{"name":"(anonymous_3)","decl":{"start":{"line":73,"column":42},"end":{"line":73,"column":43}},"loc":{"start":{"line":73,"column":50},"end":{"line":75,"column":7}},"line":73},"4":{"name":"(anonymous_4)","decl":{"start":{"line":91,"column":26},"end":{"line":91,"column":27}},"loc":{"start":{"line":91,"column":55},"end":{"line":97,"column":1}},"line":91},"5":{"name":"(anonymous_5)","decl":{"start":{"line":105,"column":19},"end":{"line":105,"column":20}},"loc":{"start":{"line":105,"column":31},"end":{"line":113,"column":1}},"line":105},"6":{"name":"(anonymous_6)","decl":{"start":{"line":107,"column":21},"end":{"line":107,"column":22}},"loc":{"start":{"line":107,"column":36},"end":{"line":111,"column":5}},"line":107},"7":{"name":"(anonymous_7)","decl":{"start":{"line":108,"column":24},"end":{"line":108,"column":25}},"loc":{"start":{"line":108,"column":39},"end":{"line":110,"column":7}},"line":108}},"branchMap":{"0":{"loc":{"start":{"line":15,"column":4},"end":{"line":21,"column":5}},"type":"if","locations":[{"start":{"line":15,"column":4},"end":{"line":21,"column":5}},{"start":{"line":17,"column":11},"end":{"line":21,"column":5}}],"line":15},"1":{"loc":{"start":{"line":37,"column":2},"end":{"line":55,"column":3}},"type":"if","locations":[{"start":{"line":37,"column":2},"end":{"line":55,"column":3}},{"start":{"line":45,"column":9},"end":{"line":55,"column":3}}],"line":37},"2":{"loc":{"start":{"line":40,"column":4},"end":{"line":44,"column":5}},"type":"if","locations":[{"start":{"line":40,"column":4},"end":{"line":44,"column":5}},{"start":{"line":42,"column":11},"end":{"line":44,"column":5}}],"line":40},"3":{"loc":{"start":{"line":49,"column":6},"end":{"line":51,"column":7}},"type":"if","locations":[{"start":{"line":49,"column":6},"end":{"line":51,"column":7}},{"start":{},"end":{}}],"line":49},"4":{"loc":{"start":{"line":49,"column":10},"end":{"line":49,"column":69}},"type":"binary-expr","locations":[{"start":{"line":49,"column":10},"end":{"line":49,"column":20}},{"start":{"line":49,"column":24},"end":{"line":49,"column":69}}],"line":49},"5":{"loc":{"start":{"line":72,"column":4},"end":{"line":76,"column":5}},"type":"if","locations":[{"start":{"line":72,"column":4},"end":{"line":76,"column":5}},{"start":{},"end":{}}],"line":72},"6":{"loc":{"start":{"line":94,"column":2},"end":{"line":96,"column":3}},"type":"if","locations":[{"start":{"line":94,"column":2},"end":{"line":96,"column":3}},{"start":{},"end":{}}],"line":94}},"s":{"0":1,"1":1,"2":1,"3":5,"4":5,"5":5,"6":5,"7":11,"8":9,"9":2,"10":2,"11":3,"12":5,"13":5,"14":1,"15":6,"16":6,"17":4,"18":4,"19":3,"20":1,"21":2,"22":2,"23":3,"24":3,"25":1,"26":1,"27":1,"28":5,"29":5,"30":5,"31":5,"32":7,"33":7,"34":6,"35":24,"36":7,"37":5,"38":1,"39":4,"40":4,"41":1,"42":1,"43":0,"44":0,"45":0},"f":{"0":5,"1":6,"2":5,"3":24,"4":4,"5":0,"6":0,"7":0},"b":{"0":[9,2],"1":[4,2],"2":[3,1],"3":[1,2],"4":[3,2],"5":[6,1],"6":[1,3]},"_coverageSchema":"1a1c01bbd47fc00a2c39e90264f33305004495a9","hash":"c5e3ac1325c01f4090065552d2e5c4a1bf507994"}
,"C:\\Users\\danie\\snowman\\lib\\Passage.js": {"path":"C:\\Users\\danie\\snowman\\lib\\Passage.js","statementMap":{"0":{"start":{"line":1,"column":10},"end":{"line":1,"column":27}},"1":{"start":{"line":2,"column":10},"end":{"line":2,"column":31}},"2":{"start":{"line":3,"column":17},"end":{"line":3,"column":41}},"3":{"start":{"line":18,"column":4},"end":{"line":18,"column":22}},"4":{"start":{"line":25,"column":4},"end":{"line":25,"column":34}},"5":{"start":{"line":32,"column":4},"end":{"line":32,"column":27}},"6":{"start":{"line":39,"column":4},"end":{"line":39,"column":37}},"7":{"start":{"line":51,"column":4},"end":{"line":54,"column":5}},"8":{"start":{"line":53,"column":6},"end":{"line":53,"column":27}},"9":{"start":{"line":56,"column":17},"end":{"line":56,"column":19}},"10":{"start":{"line":58,"column":4},"end":{"line":62,"column":5}},"11":{"start":{"line":59,"column":6},"end":{"line":59,"column":67}},"12":{"start":{"line":61,"column":6},"end":{"line":61,"column":88}},"13":{"start":{"line":64,"column":4},"end":{"line":64,"column":34}},"14":{"start":{"line":68,"column":0},"end":{"line":68,"column":25}}},"fnMap":{"0":{"name":"(anonymous_0)","decl":{"start":{"line":12,"column":2},"end":{"line":12,"column":3}},"loc":{"start":{"line":12,"column":39},"end":{"line":40,"column":3}},"line":12},"1":{"name":"(anonymous_1)","decl":{"start":{"line":49,"column":2},"end":{"line":49,"column":3}},"loc":{"start":{"line":49,"column":18},"end":{"line":65,"column":3}},"line":49}},"branchMap":{"0":{"loc":{"start":{"line":18,"column":14},"end":{"line":18,"column":21}},"type":"binary-expr","locations":[{"start":{"line":18,"column":14},"end":{"line":18,"column":16}},{"start":{"line":18,"column":20},"end":{"line":18,"column":21}}],"line":18},"1":{"loc":{"start":{"line":25,"column":16},"end":{"line":25,"column":33}},"type":"binary-expr","locations":[{"start":{"line":25,"column":16},"end":{"line":25,"column":20}},{"start":{"line":25,"column":24},"end":{"line":25,"column":33}}],"line":25},"2":{"loc":{"start":{"line":32,"column":16},"end":{"line":32,"column":26}},"type":"binary-expr","locations":[{"start":{"line":32,"column":16},"end":{"line":32,"column":20}},{"start":{"line":32,"column":24},"end":{"line":32,"column":26}}],"line":32},"3":{"loc":{"start":{"line":51,"column":4},"end":{"line":54,"column":5}},"type":"if","locations":[{"start":{"line":51,"column":4},"end":{"line":54,"column":5}},{"start":{},"end":{}}],"line":51},"4":{"loc":{"start":{"line":51,"column":10},"end":{"line":51,"column":58}},"type":"binary-expr","locations":[{"start":{"line":51,"column":10},"end":{"line":51,"column":39}},{"start":{"line":51,"column":43},"end":{"line":51,"column":58}}],"line":51}},"s":{"0":3,"1":3,"2":3,"3":224,"4":224,"5":224,"6":224,"7":21,"8":18,"9":21,"10":21,"11":21,"12":1,"13":21,"14":3},"f":{"0":224,"1":21},"b":{"0":[224,4],"1":[224,4],"2":[224,4],"3":[18,3],"4":[21,3]},"_coverageSchema":"1a1c01bbd47fc00a2c39e90264f33305004495a9","hash":"57af1ef8e21684ee1a51db924f84e18c7f93e279"}
,"C:\\Users\\danie\\snowman\\lib\\Story.js": {"path":"C:\\Users\\danie\\snowman\\lib\\Story.js","statementMap":{"0":{"start":{"line":6,"column":17},"end":{"line":6,"column":37}},"1":{"start":{"line":7,"column":16},"end":{"line":7,"column":39}},"2":{"start":{"line":8,"column":10},"end":{"line":8,"column":27}},"3":{"start":{"line":9,"column":10},"end":{"line":9,"column":31}},"4":{"start":{"line":19,"column":4},"end":{"line":19,"column":25}},"5":{"start":{"line":27,"column":4},"end":{"line":27,"column":41}},"6":{"start":{"line":35,"column":4},"end":{"line":35,"column":64}},"7":{"start":{"line":43,"column":4},"end":{"line":43,"column":47}},"8":{"start":{"line":51,"column":4},"end":{"line":51,"column":62}},"9":{"start":{"line":59,"column":4},"end":{"line":59,"column":22}},"10":{"start":{"line":69,"column":4},"end":{"line":69,"column":20}},"11":{"start":{"line":80,"column":4},"end":{"line":80,"column":29}},"12":{"start":{"line":90,"column":4},"end":{"line":90,"column":30}},"13":{"start":{"line":100,"column":4},"end":{"line":100,"column":27}},"14":{"start":{"line":111,"column":4},"end":{"line":111,"column":30}},"15":{"start":{"line":120,"column":4},"end":{"line":120,"column":23}},"16":{"start":{"line":122,"column":14},"end":{"line":122,"column":16}},"17":{"start":{"line":124,"column":4},"end":{"line":135,"column":7}},"18":{"start":{"line":125,"column":17},"end":{"line":125,"column":24}},"19":{"start":{"line":126,"column":17},"end":{"line":126,"column":41}},"20":{"start":{"line":127,"column":19},"end":{"line":127,"column":34}},"21":{"start":{"line":129,"column":6},"end":{"line":134,"column":8}},"22":{"start":{"line":137,"column":4},"end":{"line":137,"column":22}},"23":{"start":{"line":146,"column":4},"end":{"line":146,"column":26}},"24":{"start":{"line":149,"column":4},"end":{"line":151,"column":7}},"25":{"start":{"line":150,"column":6},"end":{"line":150,"column":45}},"26":{"start":{"line":161,"column":4},"end":{"line":161,"column":25}},"27":{"start":{"line":164,"column":4},"end":{"line":166,"column":7}},"28":{"start":{"line":165,"column":6},"end":{"line":165,"column":44}},"29":{"start":{"line":169,"column":4},"end":{"line":171,"column":6}},"30":{"start":{"line":170,"column":6},"end":{"line":170,"column":60}},"31":{"start":{"line":173,"column":4},"end":{"line":181,"column":7}},"32":{"start":{"line":175,"column":6},"end":{"line":175,"column":84}},"33":{"start":{"line":177,"column":6},"end":{"line":180,"column":7}},"34":{"start":{"line":179,"column":8},"end":{"line":179,"column":46}},"35":{"start":{"line":183,"column":4},"end":{"line":183,"column":88}},"36":{"start":{"line":195,"column":4},"end":{"line":195,"column":21}},"37":{"start":{"line":198,"column":4},"end":{"line":198,"column":37}},"38":{"start":{"line":201,"column":4},"end":{"line":215,"column":7}},"39":{"start":{"line":202,"column":20},"end":{"line":202,"column":45}},"40":{"start":{"line":204,"column":6},"end":{"line":214,"column":7}},"41":{"start":{"line":205,"column":8},"end":{"line":205,"column":33}},"42":{"start":{"line":206,"column":8},"end":{"line":206,"column":37}},"43":{"start":{"line":207,"column":8},"end":{"line":207,"column":51}},"44":{"start":{"line":208,"column":8},"end":{"line":208,"column":63}},"45":{"start":{"line":209,"column":13},"end":{"line":214,"column":7}},"46":{"start":{"line":210,"column":8},"end":{"line":210,"column":24}},"47":{"start":{"line":211,"column":8},"end":{"line":211,"column":26}},"48":{"start":{"line":212,"column":8},"end":{"line":212,"column":33}},"49":{"start":{"line":213,"column":8},"end":{"line":213,"column":43}},"50":{"start":{"line":218,"column":4},"end":{"line":220,"column":7}},"51":{"start":{"line":219,"column":6},"end":{"line":219,"column":58}},"52":{"start":{"line":223,"column":4},"end":{"line":225,"column":7}},"53":{"start":{"line":224,"column":6},"end":{"line":224,"column":54}},"54":{"start":{"line":228,"column":4},"end":{"line":236,"column":7}},"55":{"start":{"line":229,"column":6},"end":{"line":235,"column":7}},"56":{"start":{"line":231,"column":8},"end":{"line":231,"column":21}},"57":{"start":{"line":234,"column":8},"end":{"line":234,"column":78}},"58":{"start":{"line":239,"column":4},"end":{"line":243,"column":7}},"59":{"start":{"line":240,"column":6},"end":{"line":242,"column":9}},"60":{"start":{"line":253,"column":4},"end":{"line":253,"column":57}},"61":{"start":{"line":257,"column":4},"end":{"line":262,"column":5}},"62":{"start":{"line":260,"column":6},"end":{"line":260,"column":35}},"63":{"start":{"line":261,"column":6},"end":{"line":261,"column":31}},"64":{"start":{"line":274,"column":18},"end":{"line":274,"column":22}},"65":{"start":{"line":276,"column":4},"end":{"line":286,"column":5}},"66":{"start":{"line":277,"column":6},"end":{"line":279,"column":7}},"67":{"start":{"line":278,"column":8},"end":{"line":278,"column":42}},"68":{"start":{"line":280,"column":11},"end":{"line":286,"column":5}},"69":{"start":{"line":281,"column":21},"end":{"line":281,"column":69}},"70":{"start":{"line":281,"column":49},"end":{"line":281,"column":68}},"71":{"start":{"line":283,"column":6},"end":{"line":285,"column":7}},"72":{"start":{"line":284,"column":8},"end":{"line":284,"column":28}},"73":{"start":{"line":288,"column":4},"end":{"line":288,"column":19}},"74":{"start":{"line":305,"column":20},"end":{"line":305,"column":42}},"75":{"start":{"line":307,"column":4},"end":{"line":311,"column":5}},"76":{"start":{"line":308,"column":6},"end":{"line":310,"column":8}},"77":{"start":{"line":321,"column":4},"end":{"line":321,"column":78}},"78":{"start":{"line":330,"column":4},"end":{"line":330,"column":72}},"79":{"start":{"line":332,"column":4},"end":{"line":370,"column":5}},"80":{"start":{"line":333,"column":6},"end":{"line":333,"column":36}},"81":{"start":{"line":335,"column":6},"end":{"line":367,"column":7}},"82":{"start":{"line":336,"column":8},"end":{"line":356,"column":9}},"83":{"start":{"line":337,"column":10},"end":{"line":345,"column":12}},"84":{"start":{"line":347,"column":10},"end":{"line":355,"column":12}},"85":{"start":{"line":366,"column":8},"end":{"line":366,"column":62}},"86":{"start":{"line":369,"column":6},"end":{"line":369,"column":65}},"87":{"start":{"line":372,"column":4},"end":{"line":372,"column":29}},"88":{"start":{"line":373,"column":4},"end":{"line":373,"column":30}},"89":{"start":{"line":375,"column":4},"end":{"line":379,"column":5}},"90":{"start":{"line":376,"column":6},"end":{"line":376,"column":45}},"91":{"start":{"line":378,"column":6},"end":{"line":378,"column":61}},"92":{"start":{"line":389,"column":4},"end":{"line":389,"column":70}},"93":{"start":{"line":402,"column":20},"end":{"line":402,"column":42}},"94":{"start":{"line":404,"column":4},"end":{"line":406,"column":5}},"95":{"start":{"line":405,"column":6},"end":{"line":405,"column":77}},"96":{"start":{"line":408,"column":4},"end":{"line":408,"column":28}},"97":{"start":{"line":423,"column":4},"end":{"line":428,"column":5}},"98":{"start":{"line":424,"column":6},"end":{"line":424,"column":47}},"99":{"start":{"line":425,"column":6},"end":{"line":425,"column":33}},"100":{"start":{"line":427,"column":6},"end":{"line":427,"column":31}},"101":{"start":{"line":430,"column":4},"end":{"line":430,"column":29}},"102":{"start":{"line":438,"column":4},"end":{"line":438,"column":60}},"103":{"start":{"line":449,"column":4},"end":{"line":449,"column":32}},"104":{"start":{"line":457,"column":4},"end":{"line":457,"column":38}},"105":{"start":{"line":467,"column":17},"end":{"line":471,"column":7}},"106":{"start":{"line":473,"column":4},"end":{"line":473,"column":16}},"107":{"start":{"line":485,"column":4},"end":{"line":503,"column":5}},"108":{"start":{"line":486,"column":19},"end":{"line":486,"column":66}},"109":{"start":{"line":488,"column":6},"end":{"line":488,"column":30}},"110":{"start":{"line":489,"column":6},"end":{"line":489,"column":34}},"111":{"start":{"line":490,"column":6},"end":{"line":490,"column":48}},"112":{"start":{"line":491,"column":6},"end":{"line":491,"column":61}},"113":{"start":{"line":501,"column":6},"end":{"line":501,"column":57}},"114":{"start":{"line":502,"column":6},"end":{"line":502,"column":19}},"115":{"start":{"line":511,"column":4},"end":{"line":511,"column":42}},"116":{"start":{"line":512,"column":4},"end":{"line":512,"column":16}},"117":{"start":{"line":516,"column":0},"end":{"line":516,"column":23}}},"fnMap":{"0":{"name":"(anonymous_0)","decl":{"start":{"line":18,"column":2},"end":{"line":18,"column":3}},"loc":{"start":{"line":18,"column":23},"end":{"line":184,"column":3}},"line":18},"1":{"name":"(anonymous_1)","decl":{"start":{"line":124,"column":43},"end":{"line":124,"column":44}},"loc":{"start":{"line":124,"column":55},"end":{"line":135,"column":5}},"line":124},"2":{"name":"(anonymous_2)","decl":{"start":{"line":149,"column":46},"end":{"line":149,"column":47}},"loc":{"start":{"line":149,"column":64},"end":{"line":151,"column":5}},"line":149},"3":{"name":"(anonymous_3)","decl":{"start":{"line":164,"column":39},"end":{"line":164,"column":40}},"loc":{"start":{"line":164,"column":57},"end":{"line":166,"column":5}},"line":164},"4":{"name":"(anonymous_4)","decl":{"start":{"line":169,"column":21},"end":{"line":169,"column":22}},"loc":{"start":{"line":169,"column":70},"end":{"line":171,"column":5}},"line":169},"5":{"name":"(anonymous_5)","decl":{"start":{"line":173,"column":35},"end":{"line":173,"column":36}},"loc":{"start":{"line":173,"column":61},"end":{"line":181,"column":5}},"line":173},"6":{"name":"(anonymous_6)","decl":{"start":{"line":194,"column":2},"end":{"line":194,"column":3}},"loc":{"start":{"line":194,"column":13},"end":{"line":263,"column":3}},"line":194},"7":{"name":"(anonymous_7)","decl":{"start":{"line":201,"column":29},"end":{"line":201,"column":30}},"loc":{"start":{"line":201,"column":40},"end":{"line":215,"column":5}},"line":201},"8":{"name":"(anonymous_8)","decl":{"start":{"line":218,"column":31},"end":{"line":218,"column":32}},"loc":{"start":{"line":218,"column":37},"end":{"line":220,"column":5}},"line":218},"9":{"name":"(anonymous_9)","decl":{"start":{"line":223,"column":28},"end":{"line":223,"column":29}},"loc":{"start":{"line":223,"column":39},"end":{"line":225,"column":5}},"line":223},"10":{"name":"(anonymous_10)","decl":{"start":{"line":228,"column":29},"end":{"line":228,"column":30}},"loc":{"start":{"line":228,"column":41},"end":{"line":236,"column":5}},"line":228},"11":{"name":"(anonymous_11)","decl":{"start":{"line":239,"column":44},"end":{"line":239,"column":45}},"loc":{"start":{"line":239,"column":51},"end":{"line":243,"column":5}},"line":239},"12":{"name":"(anonymous_12)","decl":{"start":{"line":273,"column":2},"end":{"line":273,"column":3}},"loc":{"start":{"line":273,"column":21},"end":{"line":289,"column":3}},"line":273},"13":{"name":"(anonymous_13)","decl":{"start":{"line":281,"column":42},"end":{"line":281,"column":43}},"loc":{"start":{"line":281,"column":49},"end":{"line":281,"column":68}},"line":281},"14":{"name":"(anonymous_14)","decl":{"start":{"line":304,"column":2},"end":{"line":304,"column":3}},"loc":{"start":{"line":304,"column":37},"end":{"line":390,"column":3}},"line":304},"15":{"name":"(anonymous_15)","decl":{"start":{"line":401,"column":2},"end":{"line":401,"column":3}},"loc":{"start":{"line":401,"column":20},"end":{"line":409,"column":3}},"line":401},"16":{"name":"(anonymous_16)","decl":{"start":{"line":422,"column":2},"end":{"line":422,"column":3}},"loc":{"start":{"line":422,"column":20},"end":{"line":439,"column":3}},"line":422},"17":{"name":"(anonymous_17)","decl":{"start":{"line":448,"column":2},"end":{"line":448,"column":3}},"loc":{"start":{"line":448,"column":14},"end":{"line":458,"column":3}},"line":448},"18":{"name":"(anonymous_18)","decl":{"start":{"line":466,"column":2},"end":{"line":466,"column":3}},"loc":{"start":{"line":466,"column":14},"end":{"line":474,"column":3}},"line":466},"19":{"name":"(anonymous_19)","decl":{"start":{"line":484,"column":2},"end":{"line":484,"column":3}},"loc":{"start":{"line":484,"column":17},"end":{"line":513,"column":3}},"line":484}},"branchMap":{"0":{"loc":{"start":{"line":132,"column":8},"end":{"line":132,"column":66}},"type":"cond-expr","locations":[{"start":{"line":132,"column":46},"end":{"line":132,"column":61}},{"start":{"line":132,"column":64},"end":{"line":132,"column":66}}],"line":132},"1":{"loc":{"start":{"line":132,"column":9},"end":{"line":132,"column":42}},"type":"binary-expr","locations":[{"start":{"line":132,"column":9},"end":{"line":132,"column":20}},{"start":{"line":132,"column":24},"end":{"line":132,"column":42}}],"line":132},"2":{"loc":{"start":{"line":177,"column":6},"end":{"line":180,"column":7}},"type":"if","locations":[{"start":{"line":177,"column":6},"end":{"line":180,"column":7}},{"start":{},"end":{}}],"line":177},"3":{"loc":{"start":{"line":204,"column":6},"end":{"line":214,"column":7}},"type":"if","locations":[{"start":{"line":204,"column":6},"end":{"line":214,"column":7}},{"start":{"line":209,"column":13},"end":{"line":214,"column":7}}],"line":204},"4":{"loc":{"start":{"line":209,"column":13},"end":{"line":214,"column":7}},"type":"if","locations":[{"start":{"line":209,"column":13},"end":{"line":214,"column":7}},{"start":{},"end":{}}],"line":209},"5":{"loc":{"start":{"line":257,"column":4},"end":{"line":262,"column":5}},"type":"if","locations":[{"start":{"line":257,"column":4},"end":{"line":262,"column":5}},{"start":{},"end":{}}],"line":257},"6":{"loc":{"start":{"line":257,"column":8},"end":{"line":257,"column":91}},"type":"binary-expr","locations":[{"start":{"line":257,"column":8},"end":{"line":257,"column":35}},{"start":{"line":257,"column":39},"end":{"line":257,"column":91}}],"line":257},"7":{"loc":{"start":{"line":276,"column":4},"end":{"line":286,"column":5}},"type":"if","locations":[{"start":{"line":276,"column":4},"end":{"line":286,"column":5}},{"start":{"line":280,"column":11},"end":{"line":286,"column":5}}],"line":276},"8":{"loc":{"start":{"line":277,"column":6},"end":{"line":279,"column":7}},"type":"if","locations":[{"start":{"line":277,"column":6},"end":{"line":279,"column":7}},{"start":{},"end":{}}],"line":277},"9":{"loc":{"start":{"line":280,"column":11},"end":{"line":286,"column":5}},"type":"if","locations":[{"start":{"line":280,"column":11},"end":{"line":286,"column":5}},{"start":{},"end":{}}],"line":280},"10":{"loc":{"start":{"line":283,"column":6},"end":{"line":285,"column":7}},"type":"if","locations":[{"start":{"line":283,"column":6},"end":{"line":285,"column":7}},{"start":{},"end":{}}],"line":283},"11":{"loc":{"start":{"line":304,"column":18},"end":{"line":304,"column":35}},"type":"default-arg","locations":[{"start":{"line":304,"column":30},"end":{"line":304,"column":35}}],"line":304},"12":{"loc":{"start":{"line":307,"column":4},"end":{"line":311,"column":5}},"type":"if","locations":[{"start":{"line":307,"column":4},"end":{"line":311,"column":5}},{"start":{},"end":{}}],"line":307},"13":{"loc":{"start":{"line":332,"column":4},"end":{"line":370,"column":5}},"type":"if","locations":[{"start":{"line":332,"column":4},"end":{"line":370,"column":5}},{"start":{},"end":{}}],"line":332},"14":{"loc":{"start":{"line":336,"column":8},"end":{"line":356,"column":9}},"type":"if","locations":[{"start":{"line":336,"column":8},"end":{"line":356,"column":9}},{"start":{"line":346,"column":15},"end":{"line":356,"column":9}}],"line":336},"15":{"loc":{"start":{"line":404,"column":4},"end":{"line":406,"column":5}},"type":"if","locations":[{"start":{"line":404,"column":4},"end":{"line":406,"column":5}},{"start":{},"end":{}}],"line":404},"16":{"loc":{"start":{"line":423,"column":4},"end":{"line":428,"column":5}},"type":"if","locations":[{"start":{"line":423,"column":4},"end":{"line":428,"column":5}},{"start":{"line":426,"column":11},"end":{"line":428,"column":5}}],"line":423}},"s":{"0":2,"1":2,"2":2,"3":2,"4":44,"5":44,"6":44,"7":44,"8":44,"9":44,"10":44,"11":44,"12":44,"13":44,"14":44,"15":44,"16":44,"17":44,"18":220,"19":220,"20":220,"21":220,"22":44,"23":44,"24":44,"25":44,"26":44,"27":44,"28":44,"29":44,"30":0,"31":44,"32":21,"33":21,"34":21,"35":44,"36":9,"37":9,"38":9,"39":0,"40":0,"41":0,"42":0,"43":0,"44":0,"45":0,"46":0,"47":0,"48":0,"49":0,"50":9,"51":0,"52":9,"53":9,"54":9,"55":9,"56":9,"57":0,"58":9,"59":0,"60":9,"61":9,"62":9,"63":9,"64":40,"65":40,"66":17,"67":16,"68":23,"69":20,"70":100,"71":20,"72":15,"73":40,"74":16,"75":16,"76":1,"77":15,"78":15,"79":15,"80":15,"81":15,"82":15,"83":6,"84":9,"85":0,"86":15,"87":15,"88":15,"89":15,"90":15,"91":0,"92":15,"93":3,"94":3,"95":1,"96":2,"97":3,"98":2,"99":2,"100":1,"101":3,"102":3,"103":2,"104":2,"105":3,"106":3,"107":2,"108":2,"109":0,"110":0,"111":0,"112":0,"113":2,"114":2,"115":0,"116":0,"117":2},"f":{"0":44,"1":220,"2":44,"3":44,"4":0,"5":21,"6":9,"7":0,"8":0,"9":9,"10":9,"11":0,"12":40,"13":100,"14":16,"15":3,"16":3,"17":2,"18":3,"19":2},"b":{"0":[88,132],"1":[220,88],"2":[21,0],"3":[0,0],"4":[0,0],"5":[9,0],"6":[9,0],"7":[17,23],"8":[16,1],"9":[20,3],"10":[15,5],"11":[16],"12":[1,15],"13":[15,0],"14":[6,9],"15":[1,2],"16":[2,1]},"_coverageSchema":"1a1c01bbd47fc00a2c39e90264f33305004495a9","hash":"cfc9a721b7af991f4041b935d8d10dd45b468791"}
}
