{"/Users/dancox/Projects/snowman/lib/Passage.js": {"path":"/Users/dancox/Projects/snowman/lib/Passage.js","statementMap":{"0":{"start":{"line":17,"column":4},"end":{"line":17,"column":22}},"1":{"start":{"line":25,"column":4},"end":{"line":25,"column":34}},"2":{"start":{"line":33,"column":4},"end":{"line":33,"column":27}},"3":{"start":{"line":41,"column":4},"end":{"line":41,"column":25}},"4":{"start":{"line":55,"column":4},"end":{"line":61,"column":5}},"5":{"start":{"line":60,"column":6},"end":{"line":60,"column":39}},"6":{"start":{"line":77,"column":17},"end":{"line":77,"column":23}},"7":{"start":{"line":81,"column":25},"end":{"line":81,"column":46}},"8":{"start":{"line":86,"column":4},"end":{"line":170,"column":5}},"9":{"start":{"line":89,"column":22},"end":{"line":89,"column":75}},"10":{"start":{"line":90,"column":6},"end":{"line":169,"column":9}},"11":{"start":{"line":92,"column":8},"end":{"line":92,"column":29}},"12":{"start":{"line":93,"column":8},"end":{"line":95,"column":9}},"13":{"start":{"line":94,"column":10},"end":{"line":94,"column":62}},"14":{"start":{"line":98,"column":8},"end":{"line":168,"column":9}},"15":{"start":{"line":100,"column":32},"end":{"line":100,"column":34}},"16":{"start":{"line":101,"column":33},"end":{"line":101,"column":35}},"17":{"start":{"line":102,"column":31},"end":{"line":102,"column":33}},"18":{"start":{"line":105,"column":36},"end":{"line":107,"column":61}},"19":{"start":{"line":110,"column":24},"end":{"line":110,"column":78}},"20":{"start":{"line":112,"column":10},"end":{"line":120,"column":11}},"21":{"start":{"line":113,"column":12},"end":{"line":119,"column":13}},"22":{"start":{"line":114,"column":14},"end":{"line":114,"column":39}},"23":{"start":{"line":115,"column":19},"end":{"line":119,"column":13}},"24":{"start":{"line":116,"column":14},"end":{"line":116,"column":38}},"25":{"start":{"line":118,"column":14},"end":{"line":118,"column":40}},"26":{"start":{"line":123,"column":36},"end":{"line":123,"column":38}},"27":{"start":{"line":124,"column":10},"end":{"line":126,"column":11}},"28":{"start":{"line":125,"column":12},"end":{"line":125,"column":79}},"29":{"start":{"line":129,"column":25},"end":{"line":129,"column":69}},"30":{"start":{"line":130,"column":10},"end":{"line":132,"column":11}},"31":{"start":{"line":131,"column":12},"end":{"line":131,"column":68}},"32":{"start":{"line":134,"column":10},"end":{"line":134,"column":79}},"33":{"start":{"line":138,"column":36},"end":{"line":140,"column":61}},"34":{"start":{"line":142,"column":24},"end":{"line":142,"column":42}},"35":{"start":{"line":143,"column":31},"end":{"line":143,"column":33}},"36":{"start":{"line":144,"column":33},"end":{"line":144,"column":35}},"37":{"start":{"line":146,"column":10},"end":{"line":152,"column":11}},"38":{"start":{"line":147,"column":12},"end":{"line":151,"column":13}},"39":{"start":{"line":148,"column":14},"end":{"line":148,"column":38}},"40":{"start":{"line":150,"column":14},"end":{"line":150,"column":40}},"41":{"start":{"line":154,"column":25},"end":{"line":154,"column":47}},"42":{"start":{"line":156,"column":10},"end":{"line":161,"column":11}},"43":{"start":{"line":157,"column":35},"end":{"line":157,"column":79}},"44":{"start":{"line":158,"column":12},"end":{"line":160,"column":13}},"45":{"start":{"line":159,"column":14},"end":{"line":159,"column":65}},"46":{"start":{"line":163,"column":10},"end":{"line":167,"column":11}},"47":{"start":{"line":164,"column":12},"end":{"line":164,"column":81}},"48":{"start":{"line":166,"column":12},"end":{"line":166,"column":64}},"49":{"start":{"line":173,"column":4},"end":{"line":173,"column":27}},"50":{"start":{"line":176,"column":4},"end":{"line":176,"column":42}},"51":{"start":{"line":179,"column":4},"end":{"line":183,"column":5}},"52":{"start":{"line":180,"column":6},"end":{"line":180,"column":67}},"53":{"start":{"line":182,"column":6},"end":{"line":182,"column":88}},"54":{"start":{"line":189,"column":4},"end":{"line":195,"column":5}},"55":{"start":{"line":194,"column":6},"end":{"line":194,"column":20}},"56":{"start":{"line":200,"column":21},"end":{"line":200,"column":74}},"57":{"start":{"line":202,"column":4},"end":{"line":247,"column":7}},"58":{"start":{"line":203,"column":6},"end":{"line":203,"column":27}},"59":{"start":{"line":204,"column":6},"end":{"line":206,"column":7}},"60":{"start":{"line":205,"column":8},"end":{"line":205,"column":60}},"61":{"start":{"line":209,"column":6},"end":{"line":246,"column":7}},"62":{"start":{"line":211,"column":30},"end":{"line":211,"column":32}},"63":{"start":{"line":212,"column":31},"end":{"line":212,"column":33}},"64":{"start":{"line":215,"column":22},"end":{"line":215,"column":76}},"65":{"start":{"line":217,"column":8},"end":{"line":223,"column":9}},"66":{"start":{"line":218,"column":10},"end":{"line":222,"column":11}},"67":{"start":{"line":219,"column":12},"end":{"line":219,"column":37}},"68":{"start":{"line":221,"column":12},"end":{"line":221,"column":38}},"69":{"start":{"line":226,"column":34},"end":{"line":226,"column":36}},"70":{"start":{"line":227,"column":8},"end":{"line":229,"column":9}},"71":{"start":{"line":228,"column":10},"end":{"line":228,"column":77}},"72":{"start":{"line":232,"column":23},"end":{"line":232,"column":46}},"73":{"start":{"line":233,"column":8},"end":{"line":235,"column":9}},"74":{"start":{"line":234,"column":10},"end":{"line":234,"column":66}},"75":{"start":{"line":237,"column":8},"end":{"line":237,"column":77}},"76":{"start":{"line":240,"column":31},"end":{"line":240,"column":56}},"77":{"start":{"line":241,"column":8},"end":{"line":245,"column":9}},"78":{"start":{"line":242,"column":10},"end":{"line":242,"column":85}},"79":{"start":{"line":244,"column":10},"end":{"line":244,"column":62}},"80":{"start":{"line":250,"column":4},"end":{"line":250,"column":18}},"81":{"start":{"line":267,"column":4},"end":{"line":270,"column":5}},"82":{"start":{"line":269,"column":6},"end":{"line":269,"column":18}},"83":{"start":{"line":273,"column":23},"end":{"line":273,"column":46}},"84":{"start":{"line":274,"column":21},"end":{"line":274,"column":69}},"85":{"start":{"line":275,"column":27},"end":{"line":275,"column":45}},"86":{"start":{"line":276,"column":26},"end":{"line":276,"column":46}},"87":{"start":{"line":277,"column":31},"end":{"line":277,"column":82}},"88":{"start":{"line":281,"column":28},"end":{"line":281,"column":56}},"89":{"start":{"line":282,"column":30},"end":{"line":282,"column":59}},"90":{"start":{"line":286,"column":4},"end":{"line":288,"column":5}},"91":{"start":{"line":287,"column":6},"end":{"line":287,"column":18}},"92":{"start":{"line":291,"column":26},"end":{"line":298,"column":5}},"93":{"start":{"line":301,"column":4},"end":{"line":303,"column":5}},"94":{"start":{"line":302,"column":6},"end":{"line":302,"column":47}},"95":{"start":{"line":306,"column":4},"end":{"line":306,"column":51}}},"fnMap":{"0":{"name":"(anonymous_0)","decl":{"start":{"line":9,"column":2},"end":{"line":9,"column":3}},"loc":{"start":{"line":9,"column":38},"end":{"line":43,"column":3}},"line":9},"1":{"name":"(anonymous_1)","decl":{"start":{"line":52,"column":2},"end":{"line":52,"column":3}},"loc":{"start":{"line":52,"column":17},"end":{"line":251,"column":3}},"line":52},"2":{"name":"(anonymous_2)","decl":{"start":{"line":90,"column":39},"end":{"line":90,"column":40}},"loc":{"start":{"line":90,"column":76},"end":{"line":169,"column":7}},"line":90},"3":{"name":"(anonymous_3)","decl":{"start":{"line":202,"column":38},"end":{"line":202,"column":39}},"loc":{"start":{"line":202,"column":75},"end":{"line":247,"column":5}},"line":202},"4":{"name":"(anonymous_4)","decl":{"start":{"line":263,"column":2},"end":{"line":263,"column":3}},"loc":{"start":{"line":263,"column":24},"end":{"line":307,"column":3}},"line":263}},"branchMap":{"0":{"loc":{"start":{"line":17,"column":14},"end":{"line":17,"column":21}},"type":"binary-expr","locations":[{"start":{"line":17,"column":14},"end":{"line":17,"column":16}},{"start":{"line":17,"column":20},"end":{"line":17,"column":21}}],"line":17},"1":{"loc":{"start":{"line":25,"column":16},"end":{"line":25,"column":33}},"type":"binary-expr","locations":[{"start":{"line":25,"column":16},"end":{"line":25,"column":20}},{"start":{"line":25,"column":24},"end":{"line":25,"column":33}}],"line":25},"2":{"loc":{"start":{"line":33,"column":16},"end":{"line":33,"column":26}},"type":"binary-expr","locations":[{"start":{"line":33,"column":16},"end":{"line":33,"column":20}},{"start":{"line":33,"column":24},"end":{"line":33,"column":26}}],"line":33},"3":{"loc":{"start":{"line":55,"column":4},"end":{"line":61,"column":5}},"type":"if","locations":[{"start":{"line":55,"column":4},"end":{"line":61,"column":5}},{"start":{},"end":{}}],"line":55},"4":{"loc":{"start":{"line":55,"column":8},"end":{"line":55,"column":47}},"type":"binary-expr","locations":[{"start":{"line":55,"column":8},"end":{"line":55,"column":28}},{"start":{"line":55,"column":32},"end":{"line":55,"column":47}}],"line":55},"5":{"loc":{"start":{"line":86,"column":4},"end":{"line":170,"column":5}},"type":"if","locations":[{"start":{"line":86,"column":4},"end":{"line":170,"column":5}},{"start":{},"end":{}}],"line":86},"6":{"loc":{"start":{"line":93,"column":8},"end":{"line":95,"column":9}},"type":"if","locations":[{"start":{"line":93,"column":8},"end":{"line":95,"column":9}},{"start":{},"end":{}}],"line":93},"7":{"loc":{"start":{"line":98,"column":8},"end":{"line":168,"column":9}},"type":"if","locations":[{"start":{"line":98,"column":8},"end":{"line":168,"column":9}},{"start":{"line":135,"column":15},"end":{"line":168,"column":9}}],"line":98},"8":{"loc":{"start":{"line":110,"column":24},"end":{"line":110,"column":78}},"type":"binary-expr","locations":[{"start":{"line":110,"column":24},"end":{"line":110,"column":67}},{"start":{"line":110,"column":71},"end":{"line":110,"column":78}}],"line":110},"9":{"loc":{"start":{"line":113,"column":12},"end":{"line":119,"column":13}},"type":"if","locations":[{"start":{"line":113,"column":12},"end":{"line":119,"column":13}},{"start":{"line":115,"column":19},"end":{"line":119,"column":13}}],"line":113},"10":{"loc":{"start":{"line":115,"column":19},"end":{"line":119,"column":13}},"type":"if","locations":[{"start":{"line":115,"column":19},"end":{"line":119,"column":13}},{"start":{"line":117,"column":19},"end":{"line":119,"column":13}}],"line":115},"11":{"loc":{"start":{"line":124,"column":10},"end":{"line":126,"column":11}},"type":"if","locations":[{"start":{"line":124,"column":10},"end":{"line":126,"column":11}},{"start":{},"end":{}}],"line":124},"12":{"loc":{"start":{"line":130,"column":10},"end":{"line":132,"column":11}},"type":"if","locations":[{"start":{"line":130,"column":10},"end":{"line":132,"column":11}},{"start":{},"end":{}}],"line":130},"13":{"loc":{"start":{"line":131,"column":25},"end":{"line":131,"column":44}},"type":"cond-expr","locations":[{"start":{"line":131,"column":36},"end":{"line":131,"column":39}},{"start":{"line":131,"column":42},"end":{"line":131,"column":44}}],"line":131},"14":{"loc":{"start":{"line":147,"column":12},"end":{"line":151,"column":13}},"type":"if","locations":[{"start":{"line":147,"column":12},"end":{"line":151,"column":13}},{"start":{"line":149,"column":19},"end":{"line":151,"column":13}}],"line":147},"15":{"loc":{"start":{"line":156,"column":10},"end":{"line":161,"column":11}},"type":"if","locations":[{"start":{"line":156,"column":10},"end":{"line":161,"column":11}},{"start":{},"end":{}}],"line":156},"16":{"loc":{"start":{"line":158,"column":12},"end":{"line":160,"column":13}},"type":"if","locations":[{"start":{"line":158,"column":12},"end":{"line":160,"column":13}},{"start":{},"end":{}}],"line":158},"17":{"loc":{"start":{"line":159,"column":27},"end":{"line":159,"column":46}},"type":"cond-expr","locations":[{"start":{"line":159,"column":38},"end":{"line":159,"column":41}},{"start":{"line":159,"column":44},"end":{"line":159,"column":46}}],"line":159},"18":{"loc":{"start":{"line":163,"column":10},"end":{"line":167,"column":11}},"type":"if","locations":[{"start":{"line":163,"column":10},"end":{"line":167,"column":11}},{"start":{"line":165,"column":17},"end":{"line":167,"column":11}}],"line":163},"19":{"loc":{"start":{"line":189,"column":4},"end":{"line":195,"column":5}},"type":"if","locations":[{"start":{"line":189,"column":4},"end":{"line":195,"column":5}},{"start":{},"end":{}}],"line":189},"20":{"loc":{"start":{"line":204,"column":6},"end":{"line":206,"column":7}},"type":"if","locations":[{"start":{"line":204,"column":6},"end":{"line":206,"column":7}},{"start":{},"end":{}}],"line":204},"21":{"loc":{"start":{"line":209,"column":6},"end":{"line":246,"column":7}},"type":"if","locations":[{"start":{"line":209,"column":6},"end":{"line":246,"column":7}},{"start":{"line":238,"column":13},"end":{"line":246,"column":7}}],"line":209},"22":{"loc":{"start":{"line":215,"column":22},"end":{"line":215,"column":76}},"type":"binary-expr","locations":[{"start":{"line":215,"column":22},"end":{"line":215,"column":65}},{"start":{"line":215,"column":69},"end":{"line":215,"column":76}}],"line":215},"23":{"loc":{"start":{"line":218,"column":10},"end":{"line":222,"column":11}},"type":"if","locations":[{"start":{"line":218,"column":10},"end":{"line":222,"column":11}},{"start":{"line":220,"column":17},"end":{"line":222,"column":11}}],"line":218},"24":{"loc":{"start":{"line":227,"column":8},"end":{"line":229,"column":9}},"type":"if","locations":[{"start":{"line":227,"column":8},"end":{"line":229,"column":9}},{"start":{},"end":{}}],"line":227},"25":{"loc":{"start":{"line":233,"column":8},"end":{"line":235,"column":9}},"type":"if","locations":[{"start":{"line":233,"column":8},"end":{"line":235,"column":9}},{"start":{},"end":{}}],"line":233},"26":{"loc":{"start":{"line":234,"column":23},"end":{"line":234,"column":42}},"type":"cond-expr","locations":[{"start":{"line":234,"column":34},"end":{"line":234,"column":37}},{"start":{"line":234,"column":40},"end":{"line":234,"column":42}}],"line":234},"27":{"loc":{"start":{"line":241,"column":8},"end":{"line":245,"column":9}},"type":"if","locations":[{"start":{"line":241,"column":8},"end":{"line":245,"column":9}},{"start":{"line":243,"column":15},"end":{"line":245,"column":9}}],"line":241},"28":{"loc":{"start":{"line":267,"column":4},"end":{"line":270,"column":5}},"type":"if","locations":[{"start":{"line":267,"column":4},"end":{"line":270,"column":5}},{"start":{},"end":{}}],"line":267},"29":{"loc":{"start":{"line":274,"column":21},"end":{"line":274,"column":69}},"type":"binary-expr","locations":[{"start":{"line":274,"column":21},"end":{"line":274,"column":43}},{"start":{"line":274,"column":47},"end":{"line":274,"column":69}}],"line":274},"30":{"loc":{"start":{"line":277,"column":31},"end":{"line":277,"column":82}},"type":"binary-expr","locations":[{"start":{"line":277,"column":31},"end":{"line":277,"column":53}},{"start":{"line":277,"column":57},"end":{"line":277,"column":82}}],"line":277},"31":{"loc":{"start":{"line":286,"column":4},"end":{"line":288,"column":5}},"type":"if","locations":[{"start":{"line":286,"column":4},"end":{"line":288,"column":5}},{"start":{},"end":{}}],"line":286},"32":{"loc":{"start":{"line":286,"column":8},"end":{"line":286,"column":114}},"type":"binary-expr","locations":[{"start":{"line":286,"column":8},"end":{"line":286,"column":19}},{"start":{"line":286,"column":23},"end":{"line":286,"column":32}},{"start":{"line":286,"column":36},"end":{"line":286,"column":51}},{"start":{"line":286,"column":55},"end":{"line":286,"column":69}},{"start":{"line":286,"column":73},"end":{"line":286,"column":92}},{"start":{"line":286,"column":96},"end":{"line":286,"column":114}}],"line":286},"33":{"loc":{"start":{"line":301,"column":4},"end":{"line":303,"column":5}},"type":"if","locations":[{"start":{"line":301,"column":4},"end":{"line":303,"column":5}},{"start":{},"end":{}}],"line":301},"34":{"loc":{"start":{"line":301,"column":8},"end":{"line":301,"column":87}},"type":"binary-expr","locations":[{"start":{"line":301,"column":8},"end":{"line":301,"column":18}},{"start":{"line":301,"column":22},"end":{"line":301,"column":30}},{"start":{"line":301,"column":34},"end":{"line":301,"column":48}},{"start":{"line":301,"column":52},"end":{"line":301,"column":65}},{"start":{"line":301,"column":69},"end":{"line":301,"column":87}}],"line":301}},"s":{"0":141,"1":141,"2":141,"3":141,"4":67,"5":65,"6":67,"7":67,"8":67,"9":48,"10":48,"11":31,"12":31,"13":7,"14":24,"15":8,"16":8,"17":8,"18":8,"19":8,"20":8,"21":18,"22":10,"23":8,"24":1,"25":7,"26":8,"27":8,"28":4,"29":8,"30":8,"31":4,"32":8,"33":16,"34":16,"35":16,"36":16,"37":16,"38":20,"39":1,"40":19,"41":16,"42":16,"43":16,"44":16,"45":13,"46":16,"47":13,"48":3,"49":67,"50":67,"51":67,"52":67,"53":3,"54":67,"55":48,"56":19,"57":19,"58":5,"59":5,"60":1,"61":4,"62":1,"63":1,"64":1,"65":1,"66":2,"67":1,"68":1,"69":1,"70":1,"71":1,"72":1,"73":1,"74":1,"75":1,"76":3,"77":3,"78":2,"79":1,"80":19,"81":67,"82":19,"83":48,"84":48,"85":48,"86":48,"87":48,"88":48,"89":48,"90":48,"91":42,"92":6,"93":6,"94":2,"95":4},"f":{"0":141,"1":67,"2":31,"3":5,"4":67},"b":{"0":[141,1],"1":[141,1],"2":[141,1],"3":[65,2],"4":[67,3],"5":[48,19],"6":[7,24],"7":[8,16],"8":[8,0],"9":[10,8],"10":[1,7],"11":[4,4],"12":[4,4],"13":[4,0],"14":[1,19],"15":[16,0],"16":[13,3],"17":[1,12],"18":[13,3],"19":[48,19],"20":[1,4],"21":[1,3],"22":[1,0],"23":[1,1],"24":[1,0],"25":[1,0],"26":[1,0],"27":[2,1],"28":[19,48],"29":[48,47],"30":[48,48],"31":[42,6],"32":[48,46,46,46,46,46],"33":[2,4],"34":[6,4,4,4,4]},"_coverageSchema":"1a1c01bbd47fc00a2c39e90264f33305004495a9","hash":"e62b08a10ea2f50b4804b9e8e94e6728131f6c72"}
,"/Users/dancox/Projects/snowman/lib/Story.js": {"path":"/Users/dancox/Projects/snowman/lib/Story.js","statementMap":{"0":{"start":{"line":27,"column":2},"end":{"line":29,"column":3}},"1":{"start":{"line":28,"column":3},"end":{"line":28,"column":24}},"2":{"start":{"line":35,"column":2},"end":{"line":35,"column":62}},"3":{"start":{"line":52,"column":22},"end":{"line":52,"column":60}},"4":{"start":{"line":55,"column":2},"end":{"line":58,"column":3}},"5":{"start":{"line":57,"column":3},"end":{"line":57,"column":76}},"6":{"start":{"line":62,"column":2},"end":{"line":62,"column":47}},"7":{"start":{"line":65,"column":20},"end":{"line":65,"column":57}},"8":{"start":{"line":68,"column":2},"end":{"line":70,"column":3}},"9":{"start":{"line":69,"column":3},"end":{"line":69,"column":87}},"10":{"start":{"line":73,"column":2},"end":{"line":73,"column":42}},"11":{"start":{"line":76,"column":2},"end":{"line":76,"column":20}},"12":{"start":{"line":79,"column":2},"end":{"line":79,"column":18}},"13":{"start":{"line":82,"column":2},"end":{"line":82,"column":27}},"14":{"start":{"line":86,"column":2},"end":{"line":86,"column":28}},"15":{"start":{"line":90,"column":2},"end":{"line":90,"column":25}},"16":{"start":{"line":94,"column":2},"end":{"line":94,"column":28}},"17":{"start":{"line":97,"column":2},"end":{"line":97,"column":21}},"18":{"start":{"line":100,"column":2},"end":{"line":112,"column":3}},"19":{"start":{"line":102,"column":14},"end":{"line":102,"column":58}},"20":{"start":{"line":104,"column":16},"end":{"line":104,"column":51}},"21":{"start":{"line":106,"column":3},"end":{"line":111,"column":5}},"22":{"start":{"line":115,"column":2},"end":{"line":115,"column":24}},"23":{"start":{"line":119,"column":6},"end":{"line":123,"column":3}},"24":{"start":{"line":120,"column":22},"end":{"line":120,"column":38}},"25":{"start":{"line":121,"column":28},"end":{"line":121,"column":67}},"26":{"start":{"line":122,"column":3},"end":{"line":122,"column":43}},"27":{"start":{"line":126,"column":2},"end":{"line":126,"column":23}},"28":{"start":{"line":129,"column":6},"end":{"line":131,"column":2}},"29":{"start":{"line":130,"column":3},"end":{"line":130,"column":41}},"30":{"start":{"line":134,"column":5},"end":{"line":138,"column":7}},"31":{"start":{"line":136,"column":7},"end":{"line":136,"column":61}},"32":{"start":{"line":140,"column":5},"end":{"line":152,"column":19}},"33":{"start":{"line":143,"column":7},"end":{"line":143,"column":85}},"34":{"start":{"line":145,"column":7},"end":{"line":150,"column":8}},"35":{"start":{"line":148,"column":9},"end":{"line":148,"column":47}},"36":{"start":{"line":155,"column":2},"end":{"line":155,"column":41}},"37":{"start":{"line":158,"column":2},"end":{"line":158,"column":37}},"38":{"start":{"line":167,"column":2},"end":{"line":186,"column":16}},"39":{"start":{"line":169,"column":15},"end":{"line":169,"column":40}},"40":{"start":{"line":171,"column":3},"end":{"line":184,"column":4}},"41":{"start":{"line":173,"column":4},"end":{"line":173,"column":29}},"42":{"start":{"line":174,"column":4},"end":{"line":174,"column":33}},"43":{"start":{"line":175,"column":4},"end":{"line":175,"column":47}},"44":{"start":{"line":176,"column":4},"end":{"line":176,"column":59}},"45":{"start":{"line":178,"column":10},"end":{"line":184,"column":4}},"46":{"start":{"line":180,"column":4},"end":{"line":180,"column":20}},"47":{"start":{"line":181,"column":4},"end":{"line":181,"column":22}},"48":{"start":{"line":182,"column":4},"end":{"line":182,"column":29}},"49":{"start":{"line":183,"column":4},"end":{"line":183,"column":39}},"50":{"start":{"line":189,"column":2},"end":{"line":193,"column":16}},"51":{"start":{"line":191,"column":3},"end":{"line":191,"column":55}},"52":{"start":{"line":197,"column":2},"end":{"line":199,"column":5}},"53":{"start":{"line":198,"column":3},"end":{"line":198,"column":54}},"54":{"start":{"line":203,"column":2},"end":{"line":210,"column":5}},"55":{"start":{"line":205,"column":28},"end":{"line":205,"column":41}},"56":{"start":{"line":207,"column":3},"end":{"line":207,"column":32}},"57":{"start":{"line":209,"column":3},"end":{"line":209,"column":45}},"58":{"start":{"line":213,"column":2},"end":{"line":219,"column":16}},"59":{"start":{"line":215,"column":3},"end":{"line":217,"column":6}},"60":{"start":{"line":227,"column":2},"end":{"line":227,"column":55}},"61":{"start":{"line":230,"column":2},"end":{"line":235,"column":3}},"62":{"start":{"line":233,"column":3},"end":{"line":233,"column":32}},"63":{"start":{"line":234,"column":3},"end":{"line":234,"column":28}},"64":{"start":{"line":247,"column":19},"end":{"line":247,"column":23}},"65":{"start":{"line":249,"column":2},"end":{"line":258,"column":3}},"66":{"start":{"line":250,"column":8},"end":{"line":252,"column":9}},"67":{"start":{"line":251,"column":10},"end":{"line":251,"column":44}},"68":{"start":{"line":253,"column":9},"end":{"line":258,"column":3}},"69":{"start":{"line":254,"column":18},"end":{"line":254,"column":66}},"70":{"start":{"line":254,"column":47},"end":{"line":254,"column":65}},"71":{"start":{"line":255,"column":8},"end":{"line":257,"column":9}},"72":{"start":{"line":256,"column":10},"end":{"line":256,"column":30}},"73":{"start":{"line":259,"column":5},"end":{"line":259,"column":20}},"74":{"start":{"line":276,"column":18},"end":{"line":276,"column":40}},"75":{"start":{"line":279,"column":2},"end":{"line":281,"column":3}},"76":{"start":{"line":280,"column":3},"end":{"line":280,"column":81}},"77":{"start":{"line":290,"column":2},"end":{"line":290,"column":81}},"78":{"start":{"line":298,"column":2},"end":{"line":298,"column":75}},"79":{"start":{"line":301,"column":2},"end":{"line":301,"column":46}},"80":{"start":{"line":303,"column":2},"end":{"line":340,"column":3}},"81":{"start":{"line":305,"column":3},"end":{"line":305,"column":33}},"82":{"start":{"line":307,"column":3},"end":{"line":336,"column":4}},"83":{"start":{"line":309,"column":4},"end":{"line":332,"column":5}},"84":{"start":{"line":311,"column":5},"end":{"line":319,"column":7}},"85":{"start":{"line":323,"column":5},"end":{"line":331,"column":7}},"86":{"start":{"line":335,"column":4},"end":{"line":335,"column":58}},"87":{"start":{"line":338,"column":8},"end":{"line":338,"column":67}},"88":{"start":{"line":342,"column":2},"end":{"line":342,"column":27}},"89":{"start":{"line":343,"column":2},"end":{"line":343,"column":28}},"90":{"start":{"line":352,"column":2},"end":{"line":352,"column":73}},"91":{"start":{"line":366,"column":18},"end":{"line":366,"column":40}},"92":{"start":{"line":369,"column":2},"end":{"line":371,"column":3}},"93":{"start":{"line":370,"column":3},"end":{"line":370,"column":82}},"94":{"start":{"line":374,"column":2},"end":{"line":374,"column":26}},"95":{"start":{"line":388,"column":2},"end":{"line":397,"column":3}},"96":{"start":{"line":390,"column":3},"end":{"line":390,"column":44}},"97":{"start":{"line":391,"column":3},"end":{"line":391,"column":30}},"98":{"start":{"line":395,"column":3},"end":{"line":395,"column":28}},"99":{"start":{"line":399,"column":2},"end":{"line":399,"column":27}},"100":{"start":{"line":406,"column":2},"end":{"line":406,"column":58}},"101":{"start":{"line":415,"column":2},"end":{"line":415,"column":30}},"102":{"start":{"line":422,"column":2},"end":{"line":422,"column":36}},"103":{"start":{"line":432,"column":13},"end":{"line":436,"column":5}},"104":{"start":{"line":438,"column":2},"end":{"line":438,"column":14}},"105":{"start":{"line":450,"column":2},"end":{"line":470,"column":3}},"106":{"start":{"line":452,"column":16},"end":{"line":452,"column":63}},"107":{"start":{"line":454,"column":3},"end":{"line":454,"column":27}},"108":{"start":{"line":455,"column":3},"end":{"line":455,"column":31}},"109":{"start":{"line":456,"column":3},"end":{"line":456,"column":45}},"110":{"start":{"line":457,"column":3},"end":{"line":457,"column":58}},"111":{"start":{"line":467,"column":3},"end":{"line":467,"column":54}},"112":{"start":{"line":468,"column":3},"end":{"line":468,"column":16}},"113":{"start":{"line":477,"column":2},"end":{"line":477,"column":40}},"114":{"start":{"line":478,"column":2},"end":{"line":478,"column":14}}},"fnMap":{"0":{"name":"(anonymous_0)","decl":{"start":{"line":26,"column":1},"end":{"line":26,"column":2}},"loc":{"start":{"line":26,"column":45},"end":{"line":36,"column":2}},"line":26},"1":{"name":"(anonymous_1)","decl":{"start":{"line":50,"column":1},"end":{"line":50,"column":2}},"loc":{"start":{"line":50,"column":15},"end":{"line":159,"column":4}},"line":50},"2":{"name":"(anonymous_2)","decl":{"start":{"line":134,"column":22},"end":{"line":134,"column":23}},"loc":{"start":{"line":134,"column":70},"end":{"line":138,"column":6}},"line":134},"3":{"name":"(anonymous_3)","decl":{"start":{"line":140,"column":36},"end":{"line":140,"column":37}},"loc":{"start":{"line":140,"column":67},"end":{"line":152,"column":6}},"line":140},"4":{"name":"(anonymous_4)","decl":{"start":{"line":165,"column":1},"end":{"line":165,"column":2}},"loc":{"start":{"line":165,"column":9},"end":{"line":236,"column":2}},"line":165},"5":{"name":"(anonymous_5)","decl":{"start":{"line":167,"column":27},"end":{"line":167,"column":28}},"loc":{"start":{"line":167,"column":43},"end":{"line":186,"column":3}},"line":167},"6":{"name":"(anonymous_6)","decl":{"start":{"line":189,"column":29},"end":{"line":189,"column":30}},"loc":{"start":{"line":189,"column":40},"end":{"line":193,"column":3}},"line":189},"7":{"name":"(anonymous_7)","decl":{"start":{"line":197,"column":26},"end":{"line":197,"column":27}},"loc":{"start":{"line":197,"column":37},"end":{"line":199,"column":3}},"line":197},"8":{"name":"(anonymous_8)","decl":{"start":{"line":203,"column":27},"end":{"line":203,"column":28}},"loc":{"start":{"line":203,"column":38},"end":{"line":210,"column":3}},"line":203},"9":{"name":"(anonymous_9)","decl":{"start":{"line":213,"column":52},"end":{"line":213,"column":53}},"loc":{"start":{"line":213,"column":65},"end":{"line":219,"column":3}},"line":213},"10":{"name":"(anonymous_10)","decl":{"start":{"line":245,"column":1},"end":{"line":245,"column":2}},"loc":{"start":{"line":245,"column":19},"end":{"line":260,"column":2}},"line":245},"11":{"name":"(anonymous_11)","decl":{"start":{"line":254,"column":40},"end":{"line":254,"column":41}},"loc":{"start":{"line":254,"column":47},"end":{"line":254,"column":65}},"line":254},"12":{"name":"(anonymous_12)","decl":{"start":{"line":274,"column":1},"end":{"line":274,"column":2}},"loc":{"start":{"line":274,"column":35},"end":{"line":354,"column":2}},"line":274},"13":{"name":"(anonymous_13)","decl":{"start":{"line":364,"column":1},"end":{"line":364,"column":2}},"loc":{"start":{"line":364,"column":18},"end":{"line":375,"column":2}},"line":364},"14":{"name":"(anonymous_14)","decl":{"start":{"line":386,"column":1},"end":{"line":386,"column":2}},"loc":{"start":{"line":386,"column":18},"end":{"line":407,"column":2}},"line":386},"15":{"name":"(anonymous_15)","decl":{"start":{"line":413,"column":1},"end":{"line":413,"column":2}},"loc":{"start":{"line":413,"column":12},"end":{"line":424,"column":2}},"line":413},"16":{"name":"(anonymous_16)","decl":{"start":{"line":430,"column":1},"end":{"line":430,"column":2}},"loc":{"start":{"line":430,"column":12},"end":{"line":439,"column":2}},"line":430},"17":{"name":"(anonymous_17)","decl":{"start":{"line":448,"column":1},"end":{"line":448,"column":2}},"loc":{"start":{"line":448,"column":15},"end":{"line":479,"column":2}},"line":448}},"branchMap":{"0":{"loc":{"start":{"line":27,"column":2},"end":{"line":29,"column":3}},"type":"if","locations":[{"start":{"line":27,"column":2},"end":{"line":29,"column":3}},{"start":{},"end":{}}],"line":27},"1":{"loc":{"start":{"line":55,"column":2},"end":{"line":58,"column":3}},"type":"if","locations":[{"start":{"line":55,"column":2},"end":{"line":58,"column":3}},{"start":{},"end":{}}],"line":55},"2":{"loc":{"start":{"line":68,"column":2},"end":{"line":70,"column":3}},"type":"if","locations":[{"start":{"line":68,"column":2},"end":{"line":70,"column":3}},{"start":{},"end":{}}],"line":68},"3":{"loc":{"start":{"line":109,"column":4},"end":{"line":109,"column":62}},"type":"cond-expr","locations":[{"start":{"line":109,"column":42},"end":{"line":109,"column":57}},{"start":{"line":109,"column":60},"end":{"line":109,"column":62}}],"line":109},"4":{"loc":{"start":{"line":109,"column":5},"end":{"line":109,"column":38}},"type":"binary-expr","locations":[{"start":{"line":109,"column":5},"end":{"line":109,"column":16}},{"start":{"line":109,"column":20},"end":{"line":109,"column":38}}],"line":109},"5":{"loc":{"start":{"line":145,"column":7},"end":{"line":150,"column":8}},"type":"if","locations":[{"start":{"line":145,"column":7},"end":{"line":150,"column":8}},{"start":{},"end":{}}],"line":145},"6":{"loc":{"start":{"line":171,"column":3},"end":{"line":184,"column":4}},"type":"if","locations":[{"start":{"line":171,"column":3},"end":{"line":184,"column":4}},{"start":{"line":178,"column":10},"end":{"line":184,"column":4}}],"line":171},"7":{"loc":{"start":{"line":178,"column":10},"end":{"line":184,"column":4}},"type":"if","locations":[{"start":{"line":178,"column":10},"end":{"line":184,"column":4}},{"start":{},"end":{}}],"line":178},"8":{"loc":{"start":{"line":230,"column":2},"end":{"line":235,"column":3}},"type":"if","locations":[{"start":{"line":230,"column":2},"end":{"line":235,"column":3}},{"start":{},"end":{}}],"line":230},"9":{"loc":{"start":{"line":230,"column":6},"end":{"line":231,"column":55}},"type":"binary-expr","locations":[{"start":{"line":230,"column":6},"end":{"line":230,"column":33}},{"start":{"line":231,"column":3},"end":{"line":231,"column":55}}],"line":230},"10":{"loc":{"start":{"line":249,"column":2},"end":{"line":258,"column":3}},"type":"if","locations":[{"start":{"line":249,"column":2},"end":{"line":258,"column":3}},{"start":{"line":253,"column":9},"end":{"line":258,"column":3}}],"line":249},"11":{"loc":{"start":{"line":250,"column":8},"end":{"line":252,"column":9}},"type":"if","locations":[{"start":{"line":250,"column":8},"end":{"line":252,"column":9}},{"start":{},"end":{}}],"line":250},"12":{"loc":{"start":{"line":253,"column":9},"end":{"line":258,"column":3}},"type":"if","locations":[{"start":{"line":253,"column":9},"end":{"line":258,"column":3}},{"start":{},"end":{}}],"line":253},"13":{"loc":{"start":{"line":255,"column":8},"end":{"line":257,"column":9}},"type":"if","locations":[{"start":{"line":255,"column":8},"end":{"line":257,"column":9}},{"start":{},"end":{}}],"line":255},"14":{"loc":{"start":{"line":274,"column":16},"end":{"line":274,"column":33}},"type":"default-arg","locations":[{"start":{"line":274,"column":28},"end":{"line":274,"column":33}}],"line":274},"15":{"loc":{"start":{"line":279,"column":2},"end":{"line":281,"column":3}},"type":"if","locations":[{"start":{"line":279,"column":2},"end":{"line":281,"column":3}},{"start":{},"end":{}}],"line":279},"16":{"loc":{"start":{"line":303,"column":2},"end":{"line":340,"column":3}},"type":"if","locations":[{"start":{"line":303,"column":2},"end":{"line":340,"column":3}},{"start":{},"end":{}}],"line":303},"17":{"loc":{"start":{"line":309,"column":4},"end":{"line":332,"column":5}},"type":"if","locations":[{"start":{"line":309,"column":4},"end":{"line":332,"column":5}},{"start":{"line":321,"column":11},"end":{"line":332,"column":5}}],"line":309},"18":{"loc":{"start":{"line":369,"column":2},"end":{"line":371,"column":3}},"type":"if","locations":[{"start":{"line":369,"column":2},"end":{"line":371,"column":3}},{"start":{},"end":{}}],"line":369},"19":{"loc":{"start":{"line":388,"column":2},"end":{"line":397,"column":3}},"type":"if","locations":[{"start":{"line":388,"column":2},"end":{"line":397,"column":3}},{"start":{"line":393,"column":9},"end":{"line":397,"column":3}}],"line":388}},"s":{"0":47,"1":5,"2":42,"3":39,"4":39,"5":1,"6":38,"7":38,"8":38,"9":1,"10":37,"11":37,"12":37,"13":37,"14":37,"15":37,"16":37,"17":37,"18":37,"19":76,"20":76,"21":76,"22":37,"23":37,"24":37,"25":37,"26":37,"27":37,"28":37,"29":37,"30":37,"31":2,"32":37,"33":2,"34":2,"35":1,"36":37,"37":37,"38":10,"39":3,"40":3,"41":1,"42":1,"43":1,"44":1,"45":2,"46":1,"47":1,"48":1,"49":1,"50":10,"51":1,"52":10,"53":10,"54":10,"55":10,"56":10,"57":10,"58":10,"59":2,"60":10,"61":10,"62":7,"63":7,"64":19,"65":19,"66":10,"67":8,"68":9,"69":6,"70":12,"71":6,"72":3,"73":19,"74":6,"75":6,"76":1,"77":5,"78":5,"79":5,"80":5,"81":4,"82":4,"83":4,"84":2,"85":2,"86":1,"87":4,"88":5,"89":5,"90":5,"91":2,"92":2,"93":1,"94":1,"95":3,"96":2,"97":2,"98":1,"99":3,"100":3,"101":1,"102":1,"103":1,"104":1,"105":4,"106":4,"107":3,"108":3,"109":3,"110":3,"111":1,"112":1,"113":3,"114":3},"f":{"0":47,"1":39,"2":2,"3":2,"4":10,"5":3,"6":1,"7":10,"8":10,"9":2,"10":19,"11":12,"12":6,"13":2,"14":3,"15":1,"16":1,"17":4},"b":{"0":[5,42],"1":[1,38],"2":[1,37],"3":[37,39],"4":[76,37],"5":[1,1],"6":[1,2],"7":[1,1],"8":[7,3],"9":[10,4],"10":[10,9],"11":[8,2],"12":[6,3],"13":[3,3],"14":[5],"15":[1,5],"16":[4,1],"17":[2,2],"18":[1,1],"19":[2,1]},"_coverageSchema":"1a1c01bbd47fc00a2c39e90264f33305004495a9","hash":"df45cbc9a58917af0c95cc5f3dd7d3a4619b1bb9"}
,"/Users/dancox/Projects/snowman/lib/linkParse.js": {"path":"/Users/dancox/Projects/snowman/lib/linkParse.js","statementMap":{"0":{"start":{"line":14,"column":4},"end":{"line":16,"column":5}},"1":{"start":{"line":15,"column":6},"end":{"line":15,"column":52}},"2":{"start":{"line":19,"column":22},"end":{"line":19,"column":134}},"3":{"start":{"line":21,"column":4},"end":{"line":42,"column":7}},"4":{"start":{"line":24,"column":6},"end":{"line":26,"column":7}},"5":{"start":{"line":25,"column":8},"end":{"line":25,"column":77}},"6":{"start":{"line":29,"column":6},"end":{"line":31,"column":7}},"7":{"start":{"line":30,"column":8},"end":{"line":30,"column":77}},"8":{"start":{"line":34,"column":6},"end":{"line":36,"column":7}},"9":{"start":{"line":35,"column":8},"end":{"line":35,"column":77}},"10":{"start":{"line":39,"column":6},"end":{"line":41,"column":7}},"11":{"start":{"line":40,"column":8},"end":{"line":40,"column":77}},"12":{"start":{"line":44,"column":4},"end":{"line":44,"column":16}}},"fnMap":{"0":{"name":"parse","decl":{"start":{"line":12,"column":16},"end":{"line":12,"column":21}},"loc":{"start":{"line":12,"column":29},"end":{"line":45,"column":1}},"line":12},"1":{"name":"(anonymous_1)","decl":{"start":{"line":21,"column":35},"end":{"line":21,"column":36}},"loc":{"start":{"line":21,"column":62},"end":{"line":42,"column":5}},"line":21}},"branchMap":{"0":{"loc":{"start":{"line":14,"column":4},"end":{"line":16,"column":5}},"type":"if","locations":[{"start":{"line":14,"column":4},"end":{"line":16,"column":5}},{"start":{},"end":{}}],"line":14},"1":{"loc":{"start":{"line":24,"column":6},"end":{"line":26,"column":7}},"type":"if","locations":[{"start":{"line":24,"column":6},"end":{"line":26,"column":7}},{"start":{},"end":{}}],"line":24},"2":{"loc":{"start":{"line":24,"column":10},"end":{"line":24,"column":58}},"type":"binary-expr","locations":[{"start":{"line":24,"column":10},"end":{"line":24,"column":12}},{"start":{"line":24,"column":16},"end":{"line":24,"column":18}},{"start":{"line":24,"column":22},"end":{"line":24,"column":38}},{"start":{"line":24,"column":42},"end":{"line":24,"column":58}}],"line":24},"3":{"loc":{"start":{"line":29,"column":6},"end":{"line":31,"column":7}},"type":"if","locations":[{"start":{"line":29,"column":6},"end":{"line":31,"column":7}},{"start":{},"end":{}}],"line":29},"4":{"loc":{"start":{"line":29,"column":10},"end":{"line":29,"column":58}},"type":"binary-expr","locations":[{"start":{"line":29,"column":10},"end":{"line":29,"column":12}},{"start":{"line":29,"column":16},"end":{"line":29,"column":18}},{"start":{"line":29,"column":22},"end":{"line":29,"column":38}},{"start":{"line":29,"column":42},"end":{"line":29,"column":58}}],"line":29},"5":{"loc":{"start":{"line":34,"column":6},"end":{"line":36,"column":7}},"type":"if","locations":[{"start":{"line":34,"column":6},"end":{"line":36,"column":7}},{"start":{},"end":{}}],"line":34},"6":{"loc":{"start":{"line":34,"column":9},"end":{"line":34,"column":57}},"type":"binary-expr","locations":[{"start":{"line":34,"column":9},"end":{"line":34,"column":11}},{"start":{"line":34,"column":15},"end":{"line":34,"column":17}},{"start":{"line":34,"column":21},"end":{"line":34,"column":37}},{"start":{"line":34,"column":41},"end":{"line":34,"column":57}}],"line":34},"7":{"loc":{"start":{"line":39,"column":6},"end":{"line":41,"column":7}},"type":"if","locations":[{"start":{"line":39,"column":6},"end":{"line":41,"column":7}},{"start":{},"end":{}}],"line":39},"8":{"loc":{"start":{"line":39,"column":9},"end":{"line":39,"column":71}},"type":"binary-expr","locations":[{"start":{"line":39,"column":9},"end":{"line":39,"column":11}},{"start":{"line":39,"column":15},"end":{"line":39,"column":31}},{"start":{"line":39,"column":35},"end":{"line":39,"column":51}},{"start":{"line":39,"column":55},"end":{"line":39,"column":71}}],"line":39}},"s":{"0":90,"1":5,"2":85,"3":85,"4":18,"5":5,"6":13,"7":2,"8":11,"9":6,"10":5,"11":5,"12":85},"f":{"0":90,"1":18},"b":{"0":[5,85],"1":[5,13],"2":[18,18,5,5],"3":[2,11],"4":[13,13,2,2],"5":[6,5],"6":[11,11,6,6],"7":[5,0],"8":[5,5,5,5]},"_coverageSchema":"1a1c01bbd47fc00a2c39e90264f33305004495a9","hash":"1bfb33a5c03137cac4c554061e36dca13cdfc773"}
,"/Users/dancox/Projects/snowman/lib/renderAttrs.js": {"path":"/Users/dancox/Projects/snowman/lib/renderAttrs.js","statementMap":{"0":{"start":{"line":13,"column":17},"end":{"line":13,"column":19}},"1":{"start":{"line":16,"column":4},"end":{"line":26,"column":5}},"2":{"start":{"line":16,"column":17},"end":{"line":16,"column":18}},"3":{"start":{"line":17,"column":8},"end":{"line":25,"column":9}},"4":{"start":{"line":19,"column":16},"end":{"line":19,"column":50}},"5":{"start":{"line":20,"column":16},"end":{"line":20,"column":22}},"6":{"start":{"line":23,"column":16},"end":{"line":23,"column":55}},"7":{"start":{"line":24,"column":16},"end":{"line":24,"column":22}},"8":{"start":{"line":28,"column":18},"end":{"line":28,"column":20}},"9":{"start":{"line":29,"column":13},"end":{"line":29,"column":17}},"10":{"start":{"line":31,"column":22},"end":{"line":31,"column":43}},"11":{"start":{"line":32,"column":4},"end":{"line":32,"column":28}},"12":{"start":{"line":35,"column":4},"end":{"line":45,"column":5}},"13":{"start":{"line":36,"column":8},"end":{"line":44,"column":9}},"14":{"start":{"line":38,"column":16},"end":{"line":38,"column":32}},"15":{"start":{"line":39,"column":16},"end":{"line":39,"column":22}},"16":{"start":{"line":42,"column":16},"end":{"line":42,"column":41}},"17":{"start":{"line":43,"column":16},"end":{"line":43,"column":22}},"18":{"start":{"line":47,"column":4},"end":{"line":49,"column":5}},"19":{"start":{"line":48,"column":8},"end":{"line":48,"column":32}},"20":{"start":{"line":51,"column":4},"end":{"line":53,"column":5}},"21":{"start":{"line":52,"column":8},"end":{"line":52,"column":50}},"22":{"start":{"line":55,"column":4},"end":{"line":55,"column":25}}},"fnMap":{"0":{"name":"renderAttrs","decl":{"start":{"line":12,"column":16},"end":{"line":12,"column":27}},"loc":{"start":{"line":12,"column":35},"end":{"line":56,"column":1}},"line":12}},"branchMap":{"0":{"loc":{"start":{"line":17,"column":8},"end":{"line":25,"column":9}},"type":"switch","locations":[{"start":{"line":18,"column":12},"end":{"line":20,"column":22}},{"start":{"line":22,"column":12},"end":{"line":24,"column":22}}],"line":17},"1":{"loc":{"start":{"line":36,"column":8},"end":{"line":44,"column":9}},"type":"switch","locations":[{"start":{"line":37,"column":12},"end":{"line":39,"column":22}},{"start":{"line":41,"column":12},"end":{"line":43,"column":22}}],"line":36},"2":{"loc":{"start":{"line":47,"column":4},"end":{"line":49,"column":5}},"type":"if","locations":[{"start":{"line":47,"column":4},"end":{"line":49,"column":5}},{"start":{},"end":{}}],"line":47},"3":{"loc":{"start":{"line":51,"column":4},"end":{"line":53,"column":5}},"type":"if","locations":[{"start":{"line":51,"column":4},"end":{"line":53,"column":5}},{"start":{},"end":{}}],"line":51}},"s":{"0":53,"1":53,"2":53,"3":395,"4":21,"5":21,"6":12,"7":12,"8":53,"9":53,"10":53,"11":53,"12":53,"13":54,"14":22,"15":22,"16":32,"17":32,"18":53,"19":20,"20":53,"21":24,"22":53},"f":{"0":53},"b":{"0":[21,12],"1":[22,32],"2":[20,33],"3":[24,29]},"_coverageSchema":"1a1c01bbd47fc00a2c39e90264f33305004495a9","hash":"cdffdb23110f1429c3e18460ac5a27e2875b9505"}
,"/Users/dancox/Projects/snowman/lib/Misc/either.js": {"path":"/Users/dancox/Projects/snowman/lib/Misc/either.js","statementMap":{"0":{"start":{"line":18,"column":20},"end":{"line":18,"column":22}},"1":{"start":{"line":20,"column":4},"end":{"line":32,"column":5}},"2":{"start":{"line":20,"column":16},"end":{"line":20,"column":17}},"3":{"start":{"line":22,"column":6},"end":{"line":31,"column":7}},"4":{"start":{"line":24,"column":8},"end":{"line":24,"column":37}},"5":{"start":{"line":28,"column":8},"end":{"line":30,"column":9}},"6":{"start":{"line":28,"column":20},"end":{"line":28,"column":21}},"7":{"start":{"line":29,"column":10},"end":{"line":29,"column":42}},"8":{"start":{"line":35,"column":22},"end":{"line":35,"column":52}},"9":{"start":{"line":38,"column":4},"end":{"line":38,"column":32}}},"fnMap":{"0":{"name":"either","decl":{"start":{"line":16,"column":9},"end":{"line":16,"column":15}},"loc":{"start":{"line":16,"column":18},"end":{"line":39,"column":1}},"line":16}},"branchMap":{"0":{"loc":{"start":{"line":22,"column":6},"end":{"line":31,"column":7}},"type":"if","locations":[{"start":{"line":22,"column":6},"end":{"line":31,"column":7}},{"start":{"line":26,"column":13},"end":{"line":31,"column":7}}],"line":22}},"s":{"0":8,"1":8,"2":8,"3":17,"4":12,"5":5,"6":5,"7":10,"8":8,"9":8},"f":{"0":8},"b":{"0":[12,5]},"_coverageSchema":"1a1c01bbd47fc00a2c39e90264f33305004495a9","hash":"7573e89c4e8da3eb1504a15cd0c70535ee0fbee7"}
,"/Users/dancox/Projects/snowman/lib/Misc/getStyles.js": {"path":"/Users/dancox/Projects/snowman/lib/Misc/getStyles.js","statementMap":{"0":{"start":{"line":11,"column":4},"end":{"line":13,"column":5}},"1":{"start":{"line":12,"column":8},"end":{"line":12,"column":82}},"2":{"start":{"line":14,"column":4},"end":{"line":16,"column":5}},"3":{"start":{"line":15,"column":8},"end":{"line":15,"column":20}},"4":{"start":{"line":18,"column":17},"end":{"line":18,"column":74}},"5":{"start":{"line":19,"column":4},"end":{"line":21,"column":5}},"6":{"start":{"line":20,"column":8},"end":{"line":20,"column":20}},"7":{"start":{"line":23,"column":25},"end":{"line":36,"column":7}},"8":{"start":{"line":23,"column":45},"end":{"line":36,"column":6}},"9":{"start":{"line":25,"column":8},"end":{"line":35,"column":11}},"10":{"start":{"line":27,"column":26},"end":{"line":27,"column":57}},"11":{"start":{"line":28,"column":12},"end":{"line":28,"column":36}},"12":{"start":{"line":29,"column":12},"end":{"line":29,"column":61}},"13":{"start":{"line":31,"column":12},"end":{"line":31,"column":36}},"14":{"start":{"line":32,"column":12},"end":{"line":32,"column":22}},"15":{"start":{"line":34,"column":12},"end":{"line":34,"column":66}},"16":{"start":{"line":39,"column":4},"end":{"line":46,"column":7}},"17":{"start":{"line":40,"column":23},"end":{"line":40,"column":67}},"18":{"start":{"line":40,"column":43},"end":{"line":40,"column":66}},"19":{"start":{"line":41,"column":8},"end":{"line":44,"column":9}},"20":{"start":{"line":43,"column":12},"end":{"line":43,"column":24}},"21":{"start":{"line":45,"column":8},"end":{"line":45,"column":25}}},"fnMap":{"0":{"name":"getStyles","decl":{"start":{"line":10,"column":24},"end":{"line":10,"column":33}},"loc":{"start":{"line":10,"column":41},"end":{"line":47,"column":1}},"line":10},"1":{"name":"(anonymous_1)","decl":{"start":{"line":23,"column":35},"end":{"line":23,"column":36}},"loc":{"start":{"line":23,"column":45},"end":{"line":36,"column":6}},"line":23},"2":{"name":"(anonymous_2)","decl":{"start":{"line":23,"column":57},"end":{"line":23,"column":58}},"loc":{"start":{"line":23,"column":78},"end":{"line":36,"column":5}},"line":23},"3":{"name":"(anonymous_3)","decl":{"start":{"line":25,"column":25},"end":{"line":25,"column":26}},"loc":{"start":{"line":25,"column":35},"end":{"line":33,"column":9}},"line":25},"4":{"name":"(anonymous_4)","decl":{"start":{"line":33,"column":16},"end":{"line":33,"column":17}},"loc":{"start":{"line":33,"column":22},"end":{"line":35,"column":9}},"line":33},"5":{"name":"(anonymous_5)","decl":{"start":{"line":39,"column":49},"end":{"line":39,"column":50}},"loc":{"start":{"line":39,"column":62},"end":{"line":46,"column":5}},"line":39},"6":{"name":"(anonymous_6)","decl":{"start":{"line":40,"column":38},"end":{"line":40,"column":39}},"loc":{"start":{"line":40,"column":43},"end":{"line":40,"column":66}},"line":40}},"branchMap":{"0":{"loc":{"start":{"line":11,"column":4},"end":{"line":13,"column":5}},"type":"if","locations":[{"start":{"line":11,"column":4},"end":{"line":13,"column":5}},{"start":{},"end":{}}],"line":11},"1":{"loc":{"start":{"line":14,"column":4},"end":{"line":16,"column":5}},"type":"if","locations":[{"start":{"line":14,"column":4},"end":{"line":16,"column":5}},{"start":{},"end":{}}],"line":14},"2":{"loc":{"start":{"line":18,"column":17},"end":{"line":18,"column":74}},"type":"binary-expr","locations":[{"start":{"line":18,"column":17},"end":{"line":18,"column":30}},{"start":{"line":18,"column":34},"end":{"line":18,"column":74}}],"line":18},"3":{"loc":{"start":{"line":19,"column":4},"end":{"line":21,"column":5}},"type":"if","locations":[{"start":{"line":19,"column":4},"end":{"line":21,"column":5}},{"start":{},"end":{}}],"line":19},"4":{"loc":{"start":{"line":41,"column":8},"end":{"line":44,"column":9}},"type":"if","locations":[{"start":{"line":41,"column":8},"end":{"line":44,"column":9}},{"start":{},"end":{}}],"line":41}},"s":{"0":11,"1":3,"2":8,"3":1,"4":7,"5":7,"6":1,"7":6,"8":9,"9":9,"10":4,"11":4,"12":4,"13":4,"14":4,"15":1,"16":6,"17":6,"18":9,"19":6,"20":3,"21":3},"f":{"0":11,"1":9,"2":9,"3":4,"4":1,"5":6,"6":9},"b":{"0":[3,8],"1":[1,7],"2":[7,1],"3":[1,6],"4":[3,3]},"_coverageSchema":"1a1c01bbd47fc00a2c39e90264f33305004495a9","hash":"14626a4d2b9f5d5558b95aac62245fdd457c603b"}
,"/Users/dancox/Projects/snowman/lib/Misc/hasVisited.js": {"path":"/Users/dancox/Projects/snowman/lib/Misc/hasVisited.js","statementMap":{"0":{"start":{"line":9,"column":4},"end":{"line":11,"column":5}},"1":{"start":{"line":10,"column":8},"end":{"line":10,"column":21}},"2":{"start":{"line":12,"column":4},"end":{"line":12,"column":62}},"3":{"start":{"line":12,"column":49},"end":{"line":12,"column":62}},"4":{"start":{"line":13,"column":22},"end":{"line":13,"column":63}},"5":{"start":{"line":14,"column":4},"end":{"line":14,"column":45}},"6":{"start":{"line":14,"column":32},"end":{"line":14,"column":45}},"7":{"start":{"line":16,"column":4},"end":{"line":20,"column":7}},"8":{"start":{"line":17,"column":24},"end":{"line":17,"column":50}},"9":{"start":{"line":18,"column":8},"end":{"line":18,"column":35}},"10":{"start":{"line":18,"column":22},"end":{"line":18,"column":35}},"11":{"start":{"line":19,"column":8},"end":{"line":19,"column":57}}},"fnMap":{"0":{"name":"hasVisited","decl":{"start":{"line":8,"column":24},"end":{"line":8,"column":34}},"loc":{"start":{"line":8,"column":43},"end":{"line":21,"column":1}},"line":8},"1":{"name":"(anonymous_1)","decl":{"start":{"line":16,"column":27},"end":{"line":16,"column":28}},"loc":{"start":{"line":16,"column":35},"end":{"line":20,"column":5}},"line":16}},"branchMap":{"0":{"loc":{"start":{"line":9,"column":4},"end":{"line":11,"column":5}},"type":"if","locations":[{"start":{"line":9,"column":4},"end":{"line":11,"column":5}},{"start":{},"end":{}}],"line":9},"1":{"loc":{"start":{"line":9,"column":8},"end":{"line":9,"column":129}},"type":"binary-expr","locations":[{"start":{"line":9,"column":8},"end":{"line":9,"column":26}},{"start":{"line":9,"column":30},"end":{"line":9,"column":43}},{"start":{"line":9,"column":47},"end":{"line":9,"column":83}},{"start":{"line":9,"column":87},"end":{"line":9,"column":129}}],"line":9},"2":{"loc":{"start":{"line":12,"column":4},"end":{"line":12,"column":62}},"type":"if","locations":[{"start":{"line":12,"column":4},"end":{"line":12,"column":62}},{"start":{},"end":{}}],"line":12},"3":{"loc":{"start":{"line":12,"column":8},"end":{"line":12,"column":47}},"type":"binary-expr","locations":[{"start":{"line":12,"column":8},"end":{"line":12,"column":28}},{"start":{"line":12,"column":32},"end":{"line":12,"column":47}}],"line":12},"4":{"loc":{"start":{"line":13,"column":22},"end":{"line":13,"column":63}},"type":"cond-expr","locations":[{"start":{"line":13,"column":46},"end":{"line":13,"column":52}},{"start":{"line":13,"column":55},"end":{"line":13,"column":63}}],"line":13},"5":{"loc":{"start":{"line":14,"column":4},"end":{"line":14,"column":45}},"type":"if","locations":[{"start":{"line":14,"column":4},"end":{"line":14,"column":45}},{"start":{},"end":{}}],"line":14},"6":{"loc":{"start":{"line":18,"column":8},"end":{"line":18,"column":35}},"type":"if","locations":[{"start":{"line":18,"column":8},"end":{"line":18,"column":35}},{"start":{},"end":{}}],"line":18}},"s":{"0":14,"1":3,"2":11,"3":1,"4":10,"5":10,"6":1,"7":9,"8":11,"9":11,"10":3,"11":8},"f":{"0":14,"1":11},"b":{"0":[3,11],"1":[14,14,14,12],"2":[1,10],"3":[11,10],"4":[9,1],"5":[1,9],"6":[3,8]},"_coverageSchema":"1a1c01bbd47fc00a2c39e90264f33305004495a9","hash":"0e583dd248cf3851d6904f61cb2a4aec4d944490"}
,"/Users/dancox/Projects/snowman/lib/Misc/renderToSelector.js": {"path":"/Users/dancox/Projects/snowman/lib/Misc/renderToSelector.js","statementMap":{"0":{"start":{"line":14,"column":14},"end":{"line":14,"column":43}},"1":{"start":{"line":16,"column":4},"end":{"line":18,"column":5}},"2":{"start":{"line":17,"column":6},"end":{"line":17,"column":62}}},"fnMap":{"0":{"name":"renderToSelector","decl":{"start":{"line":12,"column":9},"end":{"line":12,"column":25}},"loc":{"start":{"line":12,"column":46},"end":{"line":19,"column":1}},"line":12}},"branchMap":{"0":{"loc":{"start":{"line":16,"column":4},"end":{"line":18,"column":5}},"type":"if","locations":[{"start":{"line":16,"column":4},"end":{"line":18,"column":5}},{"start":{},"end":{}}],"line":16}},"s":{"0":2,"1":2,"2":1},"f":{"0":2},"b":{"0":[1,1]},"_coverageSchema":"1a1c01bbd47fc00a2c39e90264f33305004495a9","hash":"bb51c62f53bf62b61921dce287274e28d6b45cea"}
,"/Users/dancox/Projects/snowman/lib/Misc/visited.js": {"path":"/Users/dancox/Projects/snowman/lib/Misc/visited.js","statementMap":{"0":{"start":{"line":14,"column":4},"end":{"line":16,"column":5}},"1":{"start":{"line":15,"column":6},"end":{"line":15,"column":15}},"2":{"start":{"line":19,"column":4},"end":{"line":21,"column":5}},"3":{"start":{"line":20,"column":6},"end":{"line":20,"column":15}},"4":{"start":{"line":24,"column":18},"end":{"line":24,"column":46}},"5":{"start":{"line":27,"column":4},"end":{"line":29,"column":5}},"6":{"start":{"line":28,"column":8},"end":{"line":28,"column":17}},"7":{"start":{"line":32,"column":4},"end":{"line":32,"column":70}},"8":{"start":{"line":32,"column":45},"end":{"line":32,"column":61}}},"fnMap":{"0":{"name":"visited","decl":{"start":{"line":11,"column":9},"end":{"line":11,"column":16}},"loc":{"start":{"line":11,"column":31},"end":{"line":34,"column":1}},"line":11},"1":{"name":"(anonymous_1)","decl":{"start":{"line":32,"column":39},"end":{"line":32,"column":40}},"loc":{"start":{"line":32,"column":45},"end":{"line":32,"column":61}},"line":32}},"branchMap":{"0":{"loc":{"start":{"line":11,"column":18},"end":{"line":11,"column":29}},"type":"default-arg","locations":[{"start":{"line":11,"column":27},"end":{"line":11,"column":29}}],"line":11},"1":{"loc":{"start":{"line":14,"column":4},"end":{"line":16,"column":5}},"type":"if","locations":[{"start":{"line":14,"column":4},"end":{"line":16,"column":5}},{"start":{},"end":{}}],"line":14},"2":{"loc":{"start":{"line":19,"column":4},"end":{"line":21,"column":5}},"type":"if","locations":[{"start":{"line":19,"column":4},"end":{"line":21,"column":5}},{"start":{},"end":{}}],"line":19},"3":{"loc":{"start":{"line":27,"column":4},"end":{"line":29,"column":5}},"type":"if","locations":[{"start":{"line":27,"column":4},"end":{"line":29,"column":5}},{"start":{},"end":{}}],"line":27}},"s":{"0":7,"1":1,"2":6,"3":1,"4":5,"5":5,"6":1,"7":4,"8":15},"f":{"0":7,"1":15},"b":{"0":[1],"1":[1,6],"2":[1,5],"3":[1,4]},"_coverageSchema":"1a1c01bbd47fc00a2c39e90264f33305004495a9","hash":"014427d3dee94bb569eb22d64f8c2c1cae700c0e"}
}
