TN:
SF:lib/Passage.js
FN:9,(anonymous_0)
FN:52,(anonymous_1)
FN:90,(anonymous_2)
FN:202,(anonymous_3)
FN:263,(anonymous_4)
FNF:5
FNH:5
FNDA:141,(anonymous_0)
FNDA:67,(anonymous_1)
FNDA:31,(anonymous_2)
FNDA:5,(anonymous_3)
FNDA:67,(anonymous_4)
DA:17,141
DA:25,141
DA:33,141
DA:41,141
DA:55,67
DA:60,65
DA:77,67
DA:81,67
DA:86,67
DA:89,48
DA:90,48
DA:92,31
DA:93,31
DA:94,7
DA:98,24
DA:100,8
DA:101,8
DA:102,8
DA:105,8
DA:110,8
DA:112,8
DA:113,18
DA:114,10
DA:115,8
DA:116,1
DA:118,7
DA:123,8
DA:124,8
DA:125,4
DA:129,8
DA:130,8
DA:131,4
DA:134,8
DA:138,16
DA:142,16
DA:143,16
DA:144,16
DA:146,16
DA:147,20
DA:148,1
DA:150,19
DA:154,16
DA:156,16
DA:157,16
DA:158,16
DA:159,13
DA:163,16
DA:164,13
DA:166,3
DA:173,67
DA:176,67
DA:179,67
DA:180,67
DA:182,3
DA:189,67
DA:194,48
DA:200,19
DA:202,19
DA:203,5
DA:204,5
DA:205,1
DA:209,4
DA:211,1
DA:212,1
DA:215,1
DA:217,1
DA:218,2
DA:219,1
DA:221,1
DA:226,1
DA:227,1
DA:228,1
DA:232,1
DA:233,1
DA:234,1
DA:237,1
DA:240,3
DA:241,3
DA:242,2
DA:244,1
DA:250,19
DA:267,67
DA:269,19
DA:273,48
DA:274,48
DA:275,48
DA:276,48
DA:277,48
DA:281,48
DA:282,48
DA:286,48
DA:287,42
DA:291,6
DA:301,6
DA:302,2
DA:306,4
LF:96
LH:96
BRDA:17,0,0,141
BRDA:17,0,1,1
BRDA:25,1,0,141
BRDA:25,1,1,1
BRDA:33,2,0,141
BRDA:33,2,1,1
BRDA:55,3,0,65
BRDA:55,3,1,2
BRDA:55,4,0,67
BRDA:55,4,1,3
BRDA:86,5,0,48
BRDA:86,5,1,19
BRDA:93,6,0,7
BRDA:93,6,1,24
BRDA:98,7,0,8
BRDA:98,7,1,16
BRDA:110,8,0,8
BRDA:110,8,1,0
BRDA:113,9,0,10
BRDA:113,9,1,8
BRDA:115,10,0,1
BRDA:115,10,1,7
BRDA:124,11,0,4
BRDA:124,11,1,4
BRDA:130,12,0,4
BRDA:130,12,1,4
BRDA:131,13,0,4
BRDA:131,13,1,0
BRDA:147,14,0,1
BRDA:147,14,1,19
BRDA:156,15,0,16
BRDA:156,15,1,0
BRDA:158,16,0,13
BRDA:158,16,1,3
BRDA:159,17,0,1
BRDA:159,17,1,12
BRDA:163,18,0,13
BRDA:163,18,1,3
BRDA:189,19,0,48
BRDA:189,19,1,19
BRDA:204,20,0,1
BRDA:204,20,1,4
BRDA:209,21,0,1
BRDA:209,21,1,3
BRDA:215,22,0,1
BRDA:215,22,1,0
BRDA:218,23,0,1
BRDA:218,23,1,1
BRDA:227,24,0,1
BRDA:227,24,1,0
BRDA:233,25,0,1
BRDA:233,25,1,0
BRDA:234,26,0,1
BRDA:234,26,1,0
BRDA:241,27,0,2
BRDA:241,27,1,1
BRDA:267,28,0,19
BRDA:267,28,1,48
BRDA:274,29,0,48
BRDA:274,29,1,47
BRDA:277,30,0,48
BRDA:277,30,1,48
BRDA:286,31,0,42
BRDA:286,31,1,6
BRDA:286,32,0,48
BRDA:286,32,1,46
BRDA:286,32,2,46
BRDA:286,32,3,46
BRDA:286,32,4,46
BRDA:286,32,5,46
BRDA:301,33,0,2
BRDA:301,33,1,4
BRDA:301,34,0,6
BRDA:301,34,1,4
BRDA:301,34,2,4
BRDA:301,34,3,4
BRDA:301,34,4,4
BRF:77
BRH:70
end_of_record
TN:
SF:lib/Story.js
FN:26,(anonymous_0)
FN:50,(anonymous_1)
FN:134,(anonymous_2)
FN:140,(anonymous_3)
FN:165,(anonymous_4)
FN:167,(anonymous_5)
FN:189,(anonymous_6)
FN:197,(anonymous_7)
FN:203,(anonymous_8)
FN:213,(anonymous_9)
FN:245,(anonymous_10)
FN:254,(anonymous_11)
FN:274,(anonymous_12)
FN:364,(anonymous_13)
FN:386,(anonymous_14)
FN:413,(anonymous_15)
FN:430,(anonymous_16)
FN:448,(anonymous_17)
FNF:18
FNH:18
FNDA:47,(anonymous_0)
FNDA:39,(anonymous_1)
FNDA:2,(anonymous_2)
FNDA:2,(anonymous_3)
FNDA:10,(anonymous_4)
FNDA:3,(anonymous_5)
FNDA:1,(anonymous_6)
FNDA:10,(anonymous_7)
FNDA:10,(anonymous_8)
FNDA:2,(anonymous_9)
FNDA:19,(anonymous_10)
FNDA:12,(anonymous_11)
FNDA:6,(anonymous_12)
FNDA:2,(anonymous_13)
FNDA:3,(anonymous_14)
FNDA:1,(anonymous_15)
FNDA:1,(anonymous_16)
FNDA:4,(anonymous_17)
DA:27,47
DA:28,5
DA:35,42
DA:52,39
DA:55,39
DA:57,1
DA:62,38
DA:65,38
DA:68,38
DA:69,1
DA:73,37
DA:76,37
DA:79,37
DA:82,37
DA:86,37
DA:90,37
DA:94,37
DA:97,37
DA:100,37
DA:102,76
DA:104,76
DA:106,76
DA:115,37
DA:119,37
DA:120,37
DA:121,37
DA:122,37
DA:126,37
DA:129,37
DA:130,37
DA:134,37
DA:136,2
DA:140,37
DA:143,2
DA:145,2
DA:148,1
DA:155,37
DA:158,37
DA:167,10
DA:169,3
DA:171,3
DA:173,1
DA:174,1
DA:175,1
DA:176,1
DA:178,2
DA:180,1
DA:181,1
DA:182,1
DA:183,1
DA:189,10
DA:191,1
DA:197,10
DA:198,10
DA:203,10
DA:205,10
DA:207,10
DA:209,10
DA:213,10
DA:215,2
DA:227,10
DA:230,10
DA:233,7
DA:234,7
DA:247,19
DA:249,19
DA:250,10
DA:251,8
DA:253,9
DA:254,12
DA:255,6
DA:256,3
DA:259,19
DA:276,6
DA:279,6
DA:280,1
DA:290,5
DA:298,5
DA:301,5
DA:303,5
DA:305,4
DA:307,4
DA:309,4
DA:311,2
DA:323,2
DA:335,1
DA:338,4
DA:342,5
DA:343,5
DA:352,5
DA:366,2
DA:369,2
DA:370,1
DA:374,1
DA:388,3
DA:390,2
DA:391,2
DA:395,1
DA:399,3
DA:406,3
DA:415,1
DA:422,1
DA:432,1
DA:438,1
DA:450,4
DA:452,4
DA:454,3
DA:455,3
DA:456,3
DA:457,3
DA:467,1
DA:468,1
DA:477,3
DA:478,3
LF:114
LH:114
BRDA:27,0,0,5
BRDA:27,0,1,42
BRDA:55,1,0,1
BRDA:55,1,1,38
BRDA:68,2,0,1
BRDA:68,2,1,37
BRDA:109,3,0,37
BRDA:109,3,1,39
BRDA:109,4,0,76
BRDA:109,4,1,37
BRDA:145,5,0,1
BRDA:145,5,1,1
BRDA:171,6,0,1
BRDA:171,6,1,2
BRDA:178,7,0,1
BRDA:178,7,1,1
BRDA:230,8,0,7
BRDA:230,8,1,3
BRDA:230,9,0,10
BRDA:230,9,1,4
BRDA:249,10,0,10
BRDA:249,10,1,9
BRDA:250,11,0,8
BRDA:250,11,1,2
BRDA:253,12,0,6
BRDA:253,12,1,3
BRDA:255,13,0,3
BRDA:255,13,1,3
BRDA:274,14,0,5
BRDA:279,15,0,1
BRDA:279,15,1,5
BRDA:303,16,0,4
BRDA:303,16,1,1
BRDA:309,17,0,2
BRDA:309,17,1,2
BRDA:369,18,0,1
BRDA:369,18,1,1
BRDA:388,19,0,2
BRDA:388,19,1,1
BRF:39
BRH:39
end_of_record
TN:
SF:lib/linkParse.js
FN:12,parse
FN:21,(anonymous_1)
FNF:2
FNH:2
FNDA:90,parse
FNDA:18,(anonymous_1)
DA:14,90
DA:15,5
DA:19,85
DA:21,85
DA:24,18
DA:25,5
DA:29,13
DA:30,2
DA:34,11
DA:35,6
DA:39,5
DA:40,5
DA:44,85
LF:13
LH:13
BRDA:14,0,0,5
BRDA:14,0,1,85
BRDA:24,1,0,5
BRDA:24,1,1,13
BRDA:24,2,0,18
BRDA:24,2,1,18
BRDA:24,2,2,5
BRDA:24,2,3,5
BRDA:29,3,0,2
BRDA:29,3,1,11
BRDA:29,4,0,13
BRDA:29,4,1,13
BRDA:29,4,2,2
BRDA:29,4,3,2
BRDA:34,5,0,6
BRDA:34,5,1,5
BRDA:34,6,0,11
BRDA:34,6,1,11
BRDA:34,6,2,6
BRDA:34,6,3,6
BRDA:39,7,0,5
BRDA:39,7,1,0
BRDA:39,8,0,5
BRDA:39,8,1,5
BRDA:39,8,2,5
BRDA:39,8,3,5
BRF:26
BRH:25
end_of_record
TN:
SF:lib/renderAttrs.js
FN:12,renderAttrs
FNF:1
FNH:1
FNDA:53,renderAttrs
DA:13,53
DA:16,53
DA:17,395
DA:19,21
DA:20,21
DA:23,12
DA:24,12
DA:28,53
DA:29,53
DA:31,53
DA:32,53
DA:35,53
DA:36,54
DA:38,22
DA:39,22
DA:42,32
DA:43,32
DA:47,53
DA:48,20
DA:51,53
DA:52,24
DA:55,53
LF:22
LH:22
BRDA:17,0,0,21
BRDA:17,0,1,12
BRDA:36,1,0,22
BRDA:36,1,1,32
BRDA:47,2,0,20
BRDA:47,2,1,33
BRDA:51,3,0,24
BRDA:51,3,1,29
BRF:8
BRH:8
end_of_record
TN:
SF:lib/Misc/either.js
FN:16,either
FNF:1
FNH:1
FNDA:8,either
DA:18,8
DA:20,8
DA:22,17
DA:24,12
DA:28,5
DA:29,10
DA:35,8
DA:38,8
LF:8
LH:8
BRDA:22,0,0,12
BRDA:22,0,1,5
BRF:2
BRH:2
end_of_record
TN:
SF:lib/Misc/getStyles.js
FN:10,getStyles
FN:23,(anonymous_1)
FN:23,(anonymous_2)
FN:25,(anonymous_3)
FN:33,(anonymous_4)
FN:39,(anonymous_5)
FN:40,(anonymous_6)
FNF:7
FNH:7
FNDA:11,getStyles
FNDA:9,(anonymous_1)
FNDA:9,(anonymous_2)
FNDA:4,(anonymous_3)
FNDA:1,(anonymous_4)
FNDA:6,(anonymous_5)
FNDA:9,(anonymous_6)
DA:11,11
DA:12,3
DA:14,8
DA:15,1
DA:18,7
DA:19,7
DA:20,1
DA:23,9
DA:25,9
DA:27,4
DA:28,4
DA:29,4
DA:31,4
DA:32,4
DA:34,1
DA:39,6
DA:40,9
DA:41,6
DA:43,3
DA:45,3
LF:20
LH:20
BRDA:11,0,0,3
BRDA:11,0,1,8
BRDA:14,1,0,1
BRDA:14,1,1,7
BRDA:18,2,0,7
BRDA:18,2,1,1
BRDA:19,3,0,1
BRDA:19,3,1,6
BRDA:41,4,0,3
BRDA:41,4,1,3
BRF:10
BRH:10
end_of_record
TN:
SF:lib/Misc/hasVisited.js
FN:8,hasVisited
FN:16,(anonymous_1)
FNF:2
FNH:2
FNDA:14,hasVisited
FNDA:11,(anonymous_1)
DA:9,14
DA:10,3
DA:12,11
DA:13,10
DA:14,10
DA:16,9
DA:17,11
DA:18,11
DA:19,8
LF:9
LH:9
BRDA:9,0,0,3
BRDA:9,0,1,11
BRDA:9,1,0,14
BRDA:9,1,1,14
BRDA:9,1,2,14
BRDA:9,1,3,12
BRDA:12,2,0,1
BRDA:12,2,1,10
BRDA:12,3,0,11
BRDA:12,3,1,10
BRDA:13,4,0,9
BRDA:13,4,1,1
BRDA:14,5,0,1
BRDA:14,5,1,9
BRDA:18,6,0,3
BRDA:18,6,1,8
BRF:16
BRH:16
end_of_record
TN:
SF:lib/Misc/renderToSelector.js
FN:12,renderToSelector
FNF:1
FNH:1
FNDA:2,renderToSelector
DA:14,2
DA:16,2
DA:17,1
LF:3
LH:3
BRDA:16,0,0,1
BRDA:16,0,1,1
BRF:2
BRH:2
end_of_record
TN:
SF:lib/Misc/visited.js
FN:11,visited
FN:32,(anonymous_1)
FNF:2
FNH:2
FNDA:7,visited
FNDA:15,(anonymous_1)
DA:14,7
DA:15,1
DA:19,6
DA:20,1
DA:24,5
DA:27,5
DA:28,1
DA:32,15
LF:8
LH:8
BRDA:11,0,0,1
BRDA:14,1,0,1
BRDA:14,1,1,6
BRDA:19,2,0,1
BRDA:19,2,1,5
BRDA:27,3,0,1
BRDA:27,3,1,4
BRF:7
BRH:7
end_of_record
