TN:
SF:lib\Markdown.js
FN:2,(anonymous_0)
FN:45,(anonymous_1)
FNF:2
FNH:2
FNDA:41,(anonymous_0)
FNDA:738,(anonymous_1)
DA:3,41
DA:45,41
DA:46,738
DA:49,41
DA:53,4
LF:5
LH:5
BRF:0
BRH:0
end_of_record
TN:
SF:lib\Misc.js
FN:10,(anonymous_0)
FN:34,(anonymous_1)
FN:65,(anonymous_2)
FN:73,(anonymous_3)
FN:91,(anonymous_4)
FN:105,(anonymous_5)
FN:107,(anonymous_6)
FN:108,(anonymous_7)
FNF:8
FNH:5
FNDA:5,(anonymous_0)
FNDA:6,(anonymous_1)
FNDA:5,(anonymous_2)
FNDA:24,(anonymous_3)
FNDA:4,(anonymous_4)
FNDA:0,(anonymous_5)
FNDA:0,(anonymous_6)
FNDA:0,(anonymous_7)
DA:1,1
DA:2,1
DA:10,1
DA:11,5
DA:12,5
DA:14,5
DA:15,11
DA:16,9
DA:18,2
DA:19,3
DA:24,5
DA:25,5
DA:34,1
DA:35,6
DA:37,6
DA:38,4
DA:40,4
DA:41,3
DA:43,1
DA:46,2
DA:47,3
DA:49,3
DA:50,1
DA:54,1
DA:65,1
DA:66,5
DA:67,5
DA:69,5
DA:70,7
DA:72,7
DA:73,6
DA:74,24
DA:78,7
DA:81,5
DA:91,1
DA:92,4
DA:94,4
DA:95,1
DA:105,1
DA:106,0
DA:108,0
DA:109,0
LF:42
LH:39
BRDA:15,0,0,9
BRDA:15,0,1,2
BRDA:37,1,0,4
BRDA:37,1,1,2
BRDA:40,2,0,3
BRDA:40,2,1,1
BRDA:49,3,0,1
BRDA:49,3,1,2
BRDA:49,4,0,3
BRDA:49,4,1,2
BRDA:72,5,0,6
BRDA:72,5,1,1
BRDA:94,6,0,1
BRDA:94,6,1,3
BRF:14
BRH:14
end_of_record
TN:
SF:lib\Passage.js
FN:12,(anonymous_0)
FN:49,(anonymous_1)
FNF:2
FNH:2
FNDA:224,(anonymous_0)
FNDA:21,(anonymous_1)
DA:1,3
DA:2,3
DA:3,3
DA:18,224
DA:25,224
DA:32,224
DA:39,224
DA:51,21
DA:53,18
DA:56,21
DA:58,21
DA:59,21
DA:61,1
DA:64,21
DA:68,3
LF:15
LH:15
BRDA:18,0,0,224
BRDA:18,0,1,4
BRDA:25,1,0,224
BRDA:25,1,1,4
BRDA:32,2,0,224
BRDA:32,2,1,4
BRDA:51,3,0,18
BRDA:51,3,1,3
BRDA:51,4,0,21
BRDA:51,4,1,3
BRF:10
BRH:10
end_of_record
TN:
SF:lib\Story.js
FN:18,(anonymous_0)
FN:124,(anonymous_1)
FN:149,(anonymous_2)
FN:164,(anonymous_3)
FN:169,(anonymous_4)
FN:173,(anonymous_5)
FN:194,(anonymous_6)
FN:201,(anonymous_7)
FN:218,(anonymous_8)
FN:223,(anonymous_9)
FN:228,(anonymous_10)
FN:239,(anonymous_11)
FN:273,(anonymous_12)
FN:281,(anonymous_13)
FN:304,(anonymous_14)
FN:401,(anonymous_15)
FN:422,(anonymous_16)
FN:448,(anonymous_17)
FN:466,(anonymous_18)
FN:484,(anonymous_19)
FNF:20
FNH:16
FNDA:44,(anonymous_0)
FNDA:220,(anonymous_1)
FNDA:44,(anonymous_2)
FNDA:44,(anonymous_3)
FNDA:0,(anonymous_4)
FNDA:21,(anonymous_5)
FNDA:9,(anonymous_6)
FNDA:0,(anonymous_7)
FNDA:0,(anonymous_8)
FNDA:9,(anonymous_9)
FNDA:9,(anonymous_10)
FNDA:0,(anonymous_11)
FNDA:40,(anonymous_12)
FNDA:100,(anonymous_13)
FNDA:16,(anonymous_14)
FNDA:3,(anonymous_15)
FNDA:3,(anonymous_16)
FNDA:2,(anonymous_17)
FNDA:3,(anonymous_18)
FNDA:2,(anonymous_19)
DA:6,2
DA:7,2
DA:8,2
DA:9,2
DA:19,44
DA:27,44
DA:35,44
DA:43,44
DA:51,44
DA:59,44
DA:69,44
DA:80,44
DA:90,44
DA:100,44
DA:111,44
DA:120,44
DA:122,44
DA:124,44
DA:125,220
DA:126,220
DA:127,220
DA:129,220
DA:137,44
DA:146,44
DA:149,44
DA:150,44
DA:161,44
DA:164,44
DA:165,44
DA:169,44
DA:170,0
DA:173,44
DA:175,21
DA:177,21
DA:179,21
DA:183,44
DA:195,9
DA:198,9
DA:201,9
DA:202,0
DA:204,0
DA:205,0
DA:206,0
DA:207,0
DA:208,0
DA:209,0
DA:210,0
DA:211,0
DA:212,0
DA:213,0
DA:218,9
DA:219,0
DA:223,9
DA:224,9
DA:228,9
DA:229,9
DA:231,9
DA:234,0
DA:239,9
DA:240,0
DA:253,9
DA:257,9
DA:260,9
DA:261,9
DA:274,40
DA:276,40
DA:277,17
DA:278,16
DA:280,23
DA:281,100
DA:283,20
DA:284,15
DA:288,40
DA:305,16
DA:307,16
DA:308,1
DA:321,15
DA:330,15
DA:332,15
DA:333,15
DA:335,15
DA:336,15
DA:337,6
DA:347,9
DA:366,0
DA:369,15
DA:372,15
DA:373,15
DA:375,15
DA:376,15
DA:378,0
DA:389,15
DA:402,3
DA:404,3
DA:405,1
DA:408,2
DA:423,3
DA:424,2
DA:425,2
DA:427,1
DA:430,3
DA:438,3
DA:449,2
DA:457,2
DA:467,3
DA:473,3
DA:485,2
DA:486,2
DA:488,0
DA:489,0
DA:490,0
DA:491,0
DA:501,2
DA:502,2
DA:511,0
DA:512,0
DA:516,2
LF:117
LH:94
BRDA:132,0,0,88
BRDA:132,0,1,132
BRDA:132,1,0,220
BRDA:132,1,1,88
BRDA:177,2,0,21
BRDA:177,2,1,0
BRDA:204,3,0,0
BRDA:204,3,1,0
BRDA:209,4,0,0
BRDA:209,4,1,0
BRDA:257,5,0,9
BRDA:257,5,1,0
BRDA:257,6,0,9
BRDA:257,6,1,0
BRDA:276,7,0,17
BRDA:276,7,1,23
BRDA:277,8,0,16
BRDA:277,8,1,1
BRDA:280,9,0,20
BRDA:280,9,1,3
BRDA:283,10,0,15
BRDA:283,10,1,5
BRDA:304,11,0,16
BRDA:307,12,0,1
BRDA:307,12,1,15
BRDA:332,13,0,15
BRDA:332,13,1,0
BRDA:336,14,0,6
BRDA:336,14,1,9
BRDA:404,15,0,1
BRDA:404,15,1,2
BRDA:423,16,0,2
BRDA:423,16,1,1
BRF:33
BRH:25
end_of_record
